20221228	15:44:33 	ac546721-ecdd-4c05-9f29-1f2c84a93593 	 Method: OPTIONS	URL: /Projects	 Origin: http://localhost:3000
20221228	15:44:33 	e7936b9a-c5bb-4366-a54d-7da5ab778ac9 	 Method: POST	URL: /Projects	 Origin: http://localhost:3000
20221228	16:43:31 	744e523b-e131-4060-b449-f6a212c92c83 	 Method: OPTIONS	URL: /Projects	 Origin: http://localhost:3000
20221228	16:43:31 	8ec543b8-5fcb-405f-a8d1-18366d1a4d80 	 Method: POST	URL: /Projects	 Origin: http://localhost:3000
20221228	16:44:41 	df2f2f55-d4c7-487d-b806-01f856a7f6cb 	 Method: OPTIONS	URL: /Projects	 Origin: http://localhost:3000
20221228	16:44:41 	a054a647-7819-4214-ac2a-730ae5dde6d6 	 Method: POST	URL: /Projects	 Origin: http://localhost:3000
20221228	16:47:32 	74261b16-eb46-40d5-8176-162d3a81b7a0 	 Method: OPTIONS	URL: /Projects	 Origin: http://localhost:3000
20221228	16:47:32 	6854f3e9-492e-4b06-b545-4e81cbba7aeb 	 Method: POST	URL: /Projects	 Origin: http://localhost:3000
20221228	16:48:07 	45e39c84-02f8-47e2-bcd8-be44a7f761cd 	 Method: OPTIONS	URL: /Projects	 Origin: http://localhost:3000
20221228	16:48:07 	03e63c40-d02a-44fa-bafc-feabd77a5c2d 	 Method: POST	URL: /Projects	 Origin: http://localhost:3000
20221228	16:55:06 	2e7c1ae6-5772-478f-8206-4af347bbcb58 	 Method: OPTIONS	URL: /Projects	 Origin: http://localhost:3000
20221228	16:55:06 	650d0c8e-dbdd-4113-aa17-56e3b1d4c29a 	 Method: POST	URL: /Projects	 Origin: http://localhost:3000
20221228	16:56:57 	411f3b77-6435-4737-9c2b-c6fbbe4aa3ac 	 Method: OPTIONS	URL: /projectComponents	 Origin: http://localhost:3000
20221228	16:56:57 	3cea476d-62e6-4fc2-bfa1-f2635baaba8b 	 Method: POST	URL: /projectComponents	 Origin: http://localhost:3000
20221228	16:57:14 	81c74764-b5c7-45ed-b448-d8bf20776cc5 	 Method: GET	URL: /projectComponents	 Origin: http://localhost:3000
20221228	16:57:14 	d566ef4c-cffd-4f48-875e-f4532a7c1b19 	 Method: GET	URL: /Projects	 Origin: http://localhost:3000
20221228	17:00:43 	ff3bb74e-5a2a-4be4-9c56-b7c90297eb2c 	 Method: OPTIONS	URL: /Projects	 Origin: http://localhost:3000
20221228	17:00:43 	1f8a4461-f014-4a29-88fb-6248307c6fb7 	 Method: POST	URL: /Projects	 Origin: http://localhost:3000
20221228	17:02:23 	87861aa2-6bac-42cd-a5c3-1b93c9602a1b 	 Method: OPTIONS	URL: /Projects	 Origin: http://localhost:3000
20221228	17:02:23 	de0c17fe-9555-4d76-a358-06df9c069b76 	 Method: POST	URL: /Projects	 Origin: http://localhost:3000
20221228	17:04:42 	3290eb7c-d2a5-4ff5-bf56-226e03710f9c 	 Method: OPTIONS	URL: /Projects	 Origin: http://localhost:3000
20221228	17:04:42 	7f474635-9ba7-4b04-b9fc-ad88b70c08ec 	 Method: POST	URL: /Projects	 Origin: http://localhost:3000
20221228	17:06:05 	c1fafb40-cf01-4961-bd53-bdc395b23a4d 	 Method: OPTIONS	URL: /Projects	 Origin: http://localhost:3000
20221228	17:06:05 	ef64e7f6-7899-4233-8494-0a79c3082ab8 	 Method: POST	URL: /Projects	 Origin: http://localhost:3000
20221228	17:08:04 	eb14f579-08ce-4dce-b8a0-e91f43db1903 	 Method: OPTIONS	URL: /Projects	 Origin: http://localhost:3000
20221228	17:08:04 	6a60c434-934f-4554-b2e9-2ae74118fe2f 	 Method: POST	URL: /Projects	 Origin: http://localhost:3000
20221228	17:09:13 	759fc07b-8e02-4444-a840-76d1059ecb50 	 Method: OPTIONS	URL: /Projects	 Origin: http://localhost:3000
20221228	17:09:13 	f0338cdf-cfb4-4e49-8cb2-8f88f4fca0b5 	 Method: POST	URL: /Projects	 Origin: http://localhost:3000
20221228	17:30:22 	8890056c-e46e-44d1-aa45-03107109f10b 	 Method: OPTIONS	URL: /Projects	 Origin: http://localhost:3000
20221228	17:30:22 	07b605c8-42a6-4fac-b8cb-7b774a0ee8a9 	 Method: POST	URL: /Projects	 Origin: http://localhost:3000
20221228	17:33:50 	18fa9e66-dbd1-4204-97ac-030083a1468b 	 Method: OPTIONS	URL: /Projects	 Origin: http://localhost:3000
20221228	17:33:50 	375e1fef-b1a3-4ce8-89cb-9c7c4a8ce589 	 Method: POST	URL: /Projects	 Origin: http://localhost:3000
20221228	17:34:29 	3805b192-50ec-4046-a8a1-5a8ecf04ce26 	 Method: OPTIONS	URL: /Projects	 Origin: http://localhost:3000
20221228	17:34:29 	18d925e9-6653-44e8-b6d3-e8df042073fc 	 Method: POST	URL: /Projects	 Origin: http://localhost:3000
20221228	21:33:51 	d383a2d7-7827-449e-a391-ff6190b7ad59 	 Method: OPTIONS	URL: /Projects	 Origin: http://localhost:3000
20221228	21:33:51 	6a6c62b6-b838-4157-ad89-e71da1e32aeb 	 Method: POST	URL: /Projects	 Origin: http://localhost:3000
20221228	21:35:41 	faed39c6-df07-4fbb-b8d3-b13db3721ac8 	 Method: OPTIONS	URL: /Projects	 Origin: http://localhost:3000
20221228	21:35:41 	e72ee59b-e833-4219-9c07-c47a9c70bbb7 	 Method: POST	URL: /Projects	 Origin: http://localhost:3000
20221228	21:37:48 	ab767c16-06bd-46eb-b3bc-7f902a651b91 	 Method: OPTIONS	URL: /Projects	 Origin: http://localhost:3000
20221228	21:37:48 	4ff706d3-8ea1-43ca-8139-156ee6cc0139 	 Method: POST	URL: /Projects	 Origin: http://localhost:3000
20221228	21:38:55 	63991222-ccd5-4fdf-b85d-c57f13136cc5 	 Method: OPTIONS	URL: /Projects	 Origin: http://localhost:3000
20221228	21:38:55 	517d7f61-fcef-4f06-8233-e856a2e2d68d 	 Method: POST	URL: /Projects	 Origin: http://localhost:3000
20221228	21:39:16 	3284bf9f-8ba5-4366-b7a5-f4539683117b 	 Method: OPTIONS	URL: /Projects	 Origin: http://localhost:3000
20221228	21:39:16 	27685725-5565-4861-a92a-00d8eb24605d 	 Method: POST	URL: /Projects	 Origin: http://localhost:3000
20221228	21:44:36 	7a281862-c055-4bb8-8cd6-d7c8bd2249bb 	 Method: OPTIONS	URL: /Projects	 Origin: http://localhost:3000
20221228	21:44:36 	5fd641f0-30ea-402f-98b5-c217dcf72c68 	 Method: POST	URL: /Projects	 Origin: http://localhost:3000
20221228	21:47:21 	9bcf3c94-e1e0-4660-86d2-f4a65545fbf1 	 Method: OPTIONS	URL: /Projects	 Origin: http://localhost:3000
20221228	21:47:21 	4a717511-5286-4d33-861d-5d2bc83df001 	 Method: POST	URL: /Projects	 Origin: http://localhost:3000
20221228	21:50:06 	6fff647d-2582-4d4b-b451-c8e0e10caa71 	 Method: OPTIONS	URL: /Projects	 Origin: http://localhost:3000
20221228	21:50:06 	b290ef50-e449-4927-9573-16be2aba20ca 	 Method: POST	URL: /Projects	 Origin: http://localhost:3000
20221228	21:50:37 	250c4917-8223-4ed6-8936-afd3347d7cb5 	 Method: OPTIONS	URL: /Projects	 Origin: http://localhost:3000
20221228	21:50:37 	84f856b3-6bbe-446b-8b42-ce39723614fd 	 Method: POST	URL: /Projects	 Origin: http://localhost:3000
20221228	21:52:55 	7719686d-f4cf-4880-ad18-ec3652fa79c7 	 Method: OPTIONS	URL: /Projects	 Origin: http://localhost:3000
20221228	21:52:55 	5d84c765-21ba-4654-b715-798f54207ae2 	 Method: POST	URL: /Projects	 Origin: http://localhost:3000
20221228	22:01:11 	f300dac2-32cc-4fe2-8cf5-8727b42bb860 	 Method: OPTIONS	URL: /Projects	 Origin: http://localhost:3000
20221228	22:01:11 	91f16b71-64a4-439a-a55d-6c35f7d671bc 	 Method: POST	URL: /Projects	 Origin: http://localhost:3000
20221228	22:02:54 	d035d325-2e56-4200-8ead-a81b45388396 	 Method: OPTIONS	URL: /Projects	 Origin: http://localhost:3000
20221228	22:02:54 	912b74ac-3def-473b-95f3-b2460fb96180 	 Method: POST	URL: /Projects	 Origin: http://localhost:3000
20221228	22:03:19 	2224aa82-e63b-450e-980e-1aceffcdf9be 	 Method: OPTIONS	URL: /Projects	 Origin: http://localhost:3000
20221228	22:03:19 	ee23fb17-3ba1-43cf-8945-b2c79592481d 	 Method: POST	URL: /Projects	 Origin: http://localhost:3000
20221228	22:04:46 	78a78933-fac4-4971-870d-045fea4c9080 	 Method: OPTIONS	URL: /Projects	 Origin: http://localhost:3000
20221228	22:04:46 	47a72afe-fc9b-4497-958a-a6f425d9d42a 	 Method: POST	URL: /Projects	 Origin: http://localhost:3000
20221228	22:06:56 	28fca8d3-af71-47da-bad1-731893b58662 	 Method: OPTIONS	URL: /Projects	 Origin: http://localhost:3000
20221228	22:06:56 	42fcf058-7ca8-46d4-9c79-2533e4d2abea 	 Method: POST	URL: /Projects	 Origin: http://localhost:3000
20221228	22:11:56 	06b94c6d-bd25-4c6f-a3db-e94b9439cb63 	 Method: OPTIONS	URL: /Projects	 Origin: http://localhost:3000
20221228	22:11:56 	889b2ad7-aef7-480c-94ff-59910728c051 	 Method: POST	URL: /Projects	 Origin: http://localhost:3000
20221228	22:13:47 	970d34b7-53e6-41f4-b4b9-11b7f1091011 	 Method: OPTIONS	URL: /Projects	 Origin: http://localhost:3000
20221228	22:13:47 	77fe6cf6-585e-4a75-906b-427461ae8a04 	 Method: POST	URL: /Projects	 Origin: http://localhost:3000
20221228	22:17:47 	a5159f72-ada7-4146-a4a1-a7d75934f51e 	 Method: OPTIONS	URL: /Projects	 Origin: http://localhost:3000
20221228	22:17:47 	1a758a91-736c-459a-bd0d-7dee05369046 	 Method: POST	URL: /Projects	 Origin: http://localhost:3000
20221230	23:46:47 	6c0b44df-bf43-40bc-999d-ca646ae8f0db 	 Method: GET	URL: /Projects	 Origin: http://localhost:3000
20221230	23:46:47 	ef192c43-5306-4e57-9162-ba6a9b630c5b 	 Method: GET	URL: /projectComponents	 Origin: http://localhost:3000
20221230	23:51:38 	2eac775f-89f6-42f4-a3da-d478d872a6ee 	 Method: GET	URL: /projectComponents	 Origin: http://localhost:3000
20221230	23:51:38 	ef2060bb-aa4f-4b95-9b5d-3d5ec4d328bf 	 Method: GET	URL: /Projects	 Origin: http://localhost:3000
20221230	23:52:50 	42fa7703-14bd-4b81-ae9b-4b7461bbbb8d 	 Method: GET	URL: /Projects	 Origin: http://localhost:3000
20221230	23:52:50 	e88b45d7-1b0c-4e95-9f75-37eef45503a1 	 Method: GET	URL: /projectComponents	 Origin: http://localhost:3000
20221230	23:55:55 	fefd15d9-aae6-46f6-a489-ed0fcdd1f638 	 Method: GET	URL: /Projects	 Origin: http://localhost:3000
20221230	23:55:55 	ba0b6c8e-cb1c-47a7-856a-0ade561ec6a6 	 Method: GET	URL: /projectComponents	 Origin: http://localhost:3000
20221230	23:56:24 	c5f799c9-d22a-4f83-b7b1-3eb7c4a64ef0 	 Method: GET	URL: /Projects	 Origin: http://localhost:3000
20221230	23:56:24 	09051ed0-9091-48c2-9016-503c86ec3756 	 Method: GET	URL: /projectComponents	 Origin: http://localhost:3000
20221230	23:56:27 	9bb0bd4b-5e69-4780-8085-c2b896be8267 	 Method: GET	URL: /Projects	 Origin: http://localhost:3000
20221230	23:56:27 	4fd1f045-8513-4a36-a641-402f5a0022cd 	 Method: GET	URL: /projectComponents	 Origin: http://localhost:3000
20221230	23:57:53 	10acd6f2-ecba-4f15-9868-f8aee472568d 	 Method: GET	URL: /Projects	 Origin: http://localhost:3000
20221230	23:57:53 	27301bbc-58ab-43d1-b2b2-551ab92df17b 	 Method: GET	URL: /projectComponents	 Origin: http://localhost:3000
20221230	23:58:10 	51ed4ed5-1244-4453-9f1a-68e29d188cb7 	 Method: GET	URL: /Projects	 Origin: http://localhost:3000
20221230	23:58:10 	1bc127d9-34bb-4493-9599-0a4d4b8a1224 	 Method: GET	URL: /projectComponents	 Origin: http://localhost:3000
20221231	00:01:52 	4ae106f0-3f7e-4960-8da3-2e6d2ac61bc4 	 Method: GET	URL: /Projects	 Origin: http://localhost:3000
20221231	00:01:52 	6e56121a-f3ec-45c9-a9dc-f8c51d6e83b5 	 Method: GET	URL: /projectComponents	 Origin: http://localhost:3000
20221231	00:06:02 	8658d3bb-8e3a-4637-9ffa-41febaa8d8be 	 Method: OPTIONS	URL: /Projects	 Origin: http://localhost:3000
20221231	00:06:02 	7f232252-903a-4ba7-a2a9-1ed2d093bec7 	 Method: POST	URL: /Projects	 Origin: http://localhost:3000
20221231	00:07:15 	dccb79e8-6f17-4f45-a3f9-60d3364de4a0 	 Method: GET	URL: /Projects	 Origin: http://localhost:3000
20221231	00:07:15 	968e4a80-05c7-4a77-a1ab-5f76e2f835be 	 Method: GET	URL: /projectComponents	 Origin: http://localhost:3000
20221231	00:10:14 	3461b9c1-f354-4160-9a2f-4faf2b3653a7 	 Method: GET	URL: /Projects	 Origin: http://localhost:3000
20221231	00:10:14 	d7164e80-6d88-4209-94ef-fbaab87373a9 	 Method: GET	URL: /projectComponents	 Origin: http://localhost:3000
20221231	00:10:55 	1453d5af-a662-4975-9e68-d5d3c75dd32a 	 Method: GET	URL: /Projects	 Origin: http://localhost:3000
20221231	00:10:55 	5e189fa6-4978-4d9b-bc5c-7a90db1fa62d 	 Method: GET	URL: /projectComponents	 Origin: http://localhost:3000
20221231	00:11:50 	eb918ca6-0f18-4258-b53e-061ab9da4bb5 	 Method: GET	URL: /Projects	 Origin: http://localhost:3000
20221231	00:11:50 	c0ea9c8b-1f93-40fa-b180-486e182e8e3c 	 Method: GET	URL: /projectComponents	 Origin: http://localhost:3000
20221231	00:13:40 	429d517b-bb52-4623-836e-a863c9ee5364 	 Method: GET	URL: /Projects	 Origin: http://localhost:3000
20221231	00:13:40 	69a3bf5e-1bb7-4a1d-9f82-099d6370362f 	 Method: GET	URL: /projectComponents	 Origin: http://localhost:3000
20221231	00:14:50 	cbc7e80d-f076-46bb-94f7-6b6691bb84e5 	 Method: GET	URL: /Projects	 Origin: http://localhost:3000
20221231	00:14:50 	6dfd3da7-5241-48df-87ca-c5b29596ccc1 	 Method: GET	URL: /projectComponents	 Origin: http://localhost:3000
20221231	00:15:18 	089b339f-be2d-4b21-a439-10a8d395e628 	 Method: GET	URL: /Projects	 Origin: http://localhost:3000
20221231	00:15:18 	08404aba-e2ec-4196-bbc2-a3b311fb375a 	 Method: GET	URL: /projectComponents	 Origin: http://localhost:3000
20221231	00:15:29 	e39abec7-741b-4039-8da9-b5161759a7fd 	 Method: GET	URL: /Projects	 Origin: http://localhost:3000
20221231	00:15:29 	7328b7d9-500e-4a99-8568-1b437c962ad7 	 Method: GET	URL: /projectComponents	 Origin: http://localhost:3000
20221231	00:16:52 	df9051cd-97c0-40d9-bd95-0e084d20aa40 	 Method: GET	URL: /Projects	 Origin: http://localhost:3000
20221231	00:16:52 	857d0764-e80a-4f80-98e4-69d811412d4f 	 Method: GET	URL: /projectComponents	 Origin: http://localhost:3000
20221231	00:22:32 	dba8fc2d-6712-4532-8bdd-43e7d688fe18 	 Method: GET	URL: /Projects	 Origin: http://localhost:3000
20221231	00:22:32 	17b53dd8-46bf-427f-a699-6e4941e2d395 	 Method: GET	URL: /projectComponents	 Origin: http://localhost:3000
20221231	00:22:35 	29c74fa5-bb37-4bef-982d-65a44f54731e 	 Method: GET	URL: /Projects	 Origin: http://localhost:3000
20221231	00:22:35 	37b930d7-cef0-4fd8-8daf-5e6eedb4e617 	 Method: GET	URL: /projectComponents	 Origin: http://localhost:3000
20221231	00:26:04 	d8ac4199-3332-4ec9-a749-2f2b00f81383 	 Method: GET	URL: /Projects	 Origin: http://localhost:3000
20221231	00:26:04 	96ea55c3-ad3b-4af2-a9f3-cf893d6c7ee6 	 Method: GET	URL: /projectComponents	 Origin: http://localhost:3000
20221231	00:26:17 	8fac6bf2-9efe-4a6c-952b-0f68b6587db8 	 Method: GET	URL: /Projects	 Origin: http://localhost:3000
20221231	00:26:17 	247fa36e-14a8-4cdd-9bba-5e711417ac67 	 Method: GET	URL: /projectComponents	 Origin: http://localhost:3000
20221231	00:28:40 	45414121-d589-478b-8087-363ee0cc81dd 	 Method: GET	URL: /Projects	 Origin: http://localhost:3000
20221231	00:28:40 	f74a3571-e5cf-4eef-952b-e0a4f0cdea45 	 Method: GET	URL: /projectComponents	 Origin: http://localhost:3000
20221231	00:30:16 	93b416ac-32a4-4cdd-a4fa-0f31f5162e3b 	 Method: GET	URL: /Projects	 Origin: http://localhost:3000
20221231	00:30:16 	98381533-5a9e-496f-a77c-dfffa3b6fc88 	 Method: GET	URL: /projectComponents	 Origin: http://localhost:3000
20221231	00:31:42 	d903505c-83c6-4515-9448-a589981a805b 	 Method: GET	URL: /Projects	 Origin: http://localhost:3000
20221231	00:31:42 	c1c88844-784d-41fb-9092-8d34473ab758 	 Method: GET	URL: /projectComponents	 Origin: http://localhost:3000
20221231	00:32:42 	e3d4121d-4f4e-4111-939c-2f98388528d5 	 Method: GET	URL: /Projects	 Origin: http://localhost:3000
20221231	00:32:42 	4d21189e-75e4-47da-8232-8649b222dca9 	 Method: GET	URL: /projectComponents	 Origin: http://localhost:3000
20221231	16:54:02 	4285435d-1998-412d-a69c-e98de2851379 	 Method: GET	URL: /projectComponents	 Origin: http://localhost:3000
20221231	16:54:02 	491834f3-471f-442f-9234-676f67d17399 	 Method: GET	URL: /Projects	 Origin: http://localhost:3000
20221231	17:00:10 	97cc84f5-9830-40f4-9fcb-9dc5498c14ba 	 Method: GET	URL: /Projects	 Origin: http://localhost:3000
20221231	17:00:10 	707f1fd7-1329-4ddc-994a-c729d32e7d2d 	 Method: GET	URL: /projectComponents	 Origin: http://localhost:3000
20221231	17:06:04 	c061e577-2e70-4840-8ba0-3c244a85efe7 	 Method: GET	URL: /Projects	 Origin: http://localhost:3000
20221231	17:06:04 	c298ae6a-6a39-4dbf-8b91-86f3e3cb43df 	 Method: GET	URL: /projectComponents	 Origin: http://localhost:3000
20221231	17:07:45 	63ca98d3-43bb-4401-ba4f-953bfeffbc21 	 Method: GET	URL: /Projects	 Origin: http://localhost:3000
20221231	17:07:45 	5a59e732-41fa-4ad0-ab8f-ab1b5e859430 	 Method: GET	URL: /projectComponents	 Origin: http://localhost:3000
20221231	17:07:48 	2caceeb0-96cf-402a-9f9e-1339ad9ad075 	 Method: GET	URL: /Projects	 Origin: http://localhost:3000
20221231	17:07:48 	e3760710-0fff-4188-934c-942212f31696 	 Method: GET	URL: /projectComponents	 Origin: http://localhost:3000
20221231	17:08:04 	112273cb-3ea3-4e12-bb4a-08e758c32a9b 	 Method: GET	URL: /Projects	 Origin: http://localhost:3000
20221231	17:08:04 	bbdd865d-cf39-439d-a80f-8d64754fc7f2 	 Method: GET	URL: /projectComponents	 Origin: http://localhost:3000
20221231	17:09:37 	c888c315-8b92-48e4-ad51-957e77b3947a 	 Method: GET	URL: /Projects	 Origin: http://localhost:3000
20221231	17:09:37 	9d630256-6532-4686-8622-ce102b43923d 	 Method: GET	URL: /projectComponents	 Origin: http://localhost:3000
20221231	17:13:48 	a3fbfba3-ca86-4417-a879-04e4c07f29f3 	 Method: GET	URL: /Projects	 Origin: http://localhost:3000
20221231	17:13:48 	1bcd0dfd-0508-4496-b9c1-155f211716dd 	 Method: GET	URL: /projectComponents	 Origin: http://localhost:3000
20221231	17:14:19 	a0e2c7bd-a113-4da5-a9bb-d9b0482f254a 	 Method: GET	URL: /Projects	 Origin: http://localhost:3000
20221231	17:14:19 	fab677be-1ebb-4699-8a1b-7753165d6909 	 Method: GET	URL: /projectComponents	 Origin: http://localhost:3000
20221231	17:15:24 	baa46f36-8a0d-4d0d-a8d3-54491eb4c11b 	 Method: GET	URL: /Projects	 Origin: http://localhost:3000
20221231	17:15:24 	e597096c-35fa-458b-ba3a-606d2bd1a0f9 	 Method: GET	URL: /projectComponents	 Origin: http://localhost:3000
20221231	17:17:35 	8181faa9-1333-403e-8a67-9c37be860455 	 Method: GET	URL: /Projects	 Origin: http://localhost:3000
20221231	17:17:35 	51900a84-8e12-4a1d-840a-131efd2b12bc 	 Method: GET	URL: /projectComponents	 Origin: http://localhost:3000
20221231	17:17:52 	888a44f7-3a7e-417a-a794-70aa27531d8d 	 Method: GET	URL: /Projects	 Origin: http://localhost:3000
20221231	17:17:52 	8fefa213-0804-4ce1-ab99-fd87002f4407 	 Method: GET	URL: /projectComponents	 Origin: http://localhost:3000
20221231	17:29:38 	c4c79b0a-230f-4dca-b46f-c69b2af1ed8b 	 Method: GET	URL: /Projects	 Origin: http://localhost:3000
20221231	17:29:38 	c92753d0-fbc4-4225-86a5-f1b9f6e78285 	 Method: GET	URL: /projectComponents	 Origin: http://localhost:3000
20221231	17:29:38 	6457f929-17a3-407b-b47c-6f8a88856f9a 	 Method: GET	URL: /projectComponents	 Origin: http://localhost:3000
20221231	17:29:38 	635aa0eb-6d6b-46d4-8bb8-2ba351a95ea2 	 Method: GET	URL: /Projects	 Origin: http://localhost:3000
20221231	17:29:50 	294bfec2-74f1-4f97-9ba9-446885b21e74 	 Method: GET	URL: /Projects	 Origin: http://localhost:3000
20221231	17:29:50 	ff7bc1bb-85d9-479e-b42d-0f393b9f48f0 	 Method: GET	URL: /projectComponents	 Origin: http://localhost:3000
20230107	18:00:34 	b552d06c-bb5b-471c-b0e7-347048b4883f 	 Method: GET	URL: /Projects	 Origin: http://localhost:3000
20230107	18:00:34 	3ea00a09-4b21-44ac-822c-91da6672b813 	 Method: GET	URL: /projectComponents	 Origin: http://localhost:3000
20230107	18:07:55 	d805c3cc-d988-413a-bc16-6c1586e2c9d1 	 Method: GET	URL: /Projects	 Origin: http://localhost:3000
20230107	18:07:55 	11f06247-43bd-4924-9cb3-7e306a24decf 	 Method: GET	URL: /projectComponents	 Origin: http://localhost:3000
20230107	18:08:02 	6a9f1ab5-3d78-42c1-90c4-2ff35e01aa1b 	 Method: GET	URL: /Projects	 Origin: http://localhost:3000
20230107	18:08:02 	28c0b3ff-8898-44fe-a02a-f6aeb601e0ac 	 Method: GET	URL: /projectComponents	 Origin: http://localhost:3000
20230107	18:09:34 	b82e255d-85eb-46a6-bb64-3044e85a82a7 	 Method: GET	URL: /projectComponents	 Origin: http://localhost:3000
20230107	18:09:34 	382e2fa6-9e37-4260-aa1b-0d246ece9f0a 	 Method: GET	URL: /Projects	 Origin: http://localhost:3000
20230107	18:12:34 	5a0745e5-cfc6-455a-b3ee-b4adee0b7a00 	 Method: GET	URL: /Projects	 Origin: http://localhost:3000
20230107	18:12:34 	7006226f-befd-44e9-878c-3c12079c70d7 	 Method: GET	URL: /projectComponents	 Origin: http://localhost:3000
20230107	18:22:50 	cf896ef3-d068-49e7-ad6d-62bcabb42a67 	 Method: GET	URL: /Projects	 Origin: http://localhost:3000
20230107	18:22:50 	883803fa-5dd1-4bf6-bfa2-9ed23519fdc8 	 Method: GET	URL: /projectComponents	 Origin: http://localhost:3000
20230107	18:23:08 	adf98e18-8d6b-4bb3-b84e-d4ae4a91ffb3 	 Method: GET	URL: /Projects	 Origin: http://localhost:3000
20230107	18:23:08 	0a1347fb-88f1-4572-a3e8-49bb42273c48 	 Method: GET	URL: /projectComponents	 Origin: http://localhost:3000
20230107	18:23:11 	5fd09303-89a0-4e7f-afdf-ef7a96ca6bdc 	 Method: GET	URL: /Projects	 Origin: http://localhost:3000
20230107	18:23:11 	65562c17-c288-42d3-83dc-6370849ea8e6 	 Method: GET	URL: /projectComponents	 Origin: http://localhost:3000
20230107	18:23:13 	cb4c42d3-0fe2-4bc7-b9c3-d6d436d848e3 	 Method: GET	URL: /Projects	 Origin: http://localhost:3000
20230107	18:23:13 	03370bb2-38b6-4352-8913-c88c89f5d904 	 Method: GET	URL: /projectComponents	 Origin: http://localhost:3000
20230107	18:25:15 	c5069e1d-e8cc-4a1b-8e12-dba086a5fc78 	 Method: GET	URL: /Projects	 Origin: http://localhost:3000
20230107	18:25:15 	d35a97ab-68e1-4d58-b3d0-1242bf6123e2 	 Method: GET	URL: /projectComponents	 Origin: http://localhost:3000
20230107	18:25:18 	3287317d-e9a0-42ca-8048-49e7a73a21c8 	 Method: GET	URL: /Projects	 Origin: http://localhost:3000
20230107	18:25:18 	4bf5bdfe-88d8-4611-8592-664a760c306e 	 Method: GET	URL: /projectComponents	 Origin: http://localhost:3000
20230107	18:43:15 	b5afe15b-f9f9-453e-a0ac-af3a3b5edf82 	 Method: GET	URL: /Projects	 Origin: http://localhost:3000
20230107	18:43:15 	7740e653-6c45-421d-aeae-f6142a6eb079 	 Method: GET	URL: /projectComponents	 Origin: http://localhost:3000
20230107	18:45:51 	5a9ae53f-0110-494e-abe1-6ba985f37b9a 	 Method: GET	URL: /Projects	 Origin: http://localhost:3000
20230107	18:45:51 	8fdd124a-e67b-451c-b7df-d2d5c55c84ef 	 Method: GET	URL: /projectComponents	 Origin: http://localhost:3000
20230107	18:54:41 	887530d3-327a-4de6-8896-ecffc75d0ef1 	 Method: GET	URL: /Projects	 Origin: http://localhost:3000
20230107	18:54:41 	29af5836-6353-4dc3-bd10-47b3ec0d80f8 	 Method: GET	URL: /projectComponents	 Origin: http://localhost:3000
20230212	19:35:37 	2c5df8ca-8b73-427c-a200-edb62af66e2a 	 Method: GET	URL: /projects	 Origin: undefined
20230212	19:47:28 	51c7a032-9287-4d72-a3c3-339e590cc4c9 	 Method: GET	URL: /Projects	 Origin: http://localhost:3000
20230212	19:47:28 	a1303b77-6758-47e9-acad-cc2da5dc1c3f 	 Method: GET	URL: /projectComponents	 Origin: http://localhost:3000
20230212	19:47:34 	00fae6d7-3df2-40c3-bdb3-34cecbd8a930 	 Method: GET	URL: /Projects	 Origin: http://localhost:3000
20230212	19:47:34 	8d2c3637-7af0-4474-b5ef-600e40e0dac0 	 Method: GET	URL: /projectComponents	 Origin: http://localhost:3000
20230212	19:57:39 	b21d105a-b1a3-438e-961e-838c8a2bccc8 	 Method: GET	URL: /Projects	 Origin: http://localhost:3000
20230212	19:57:39 	f1897ea9-1d37-4ee3-a358-7b4136fc2a7b 	 Method: GET	URL: /projectComponents	 Origin: http://localhost:3000
20230212	20:02:43 	0c57f2de-52b3-4786-933e-e77fe443587a 	 Method: OPTIONS	URL: /projectComponents	 Origin: http://localhost:3000
20230212	20:02:43 	25cb7e87-adfd-4687-8db6-5833de7cc4d7 	 Method: POST	URL: /projectComponents	 Origin: http://localhost:3000
20230212	20:02:54 	4740ed2c-613d-4f5f-a687-059e5a50f669 	 Method: GET	URL: /Projects	 Origin: http://localhost:3000
20230212	20:02:54 	f0d0a748-cd71-4aea-ae7b-cd74f7cccce7 	 Method: GET	URL: /projectComponents	 Origin: http://localhost:3000
20230212	20:05:25 	ea15e30c-4557-43d0-8cec-4c45b0a614cf 	 Method: OPTIONS	URL: /Projects	 Origin: http://localhost:3000
20230212	20:05:25 	c4bb79ef-f2c7-4b5b-8aeb-f61b5fbc7fa8 	 Method: POST	URL: /Projects	 Origin: http://localhost:3000
20230212	20:05:44 	414e9e9f-923c-46d0-81cf-a5185b428822 	 Method: GET	URL: /Projects	 Origin: http://localhost:3000
20230212	20:05:44 	e188a728-e0e0-487a-8274-6a828f357a21 	 Method: GET	URL: /projectComponents	 Origin: http://localhost:3000
20230311	17:08:23 	a64d4afb-9dc8-4d15-959b-239e4d746864 	 Method: GET	URL: /	 Origin: undefined
20230311	17:08:24 	d737dc63-8917-46cb-bb39-965deff327e0 	 Method: GET	URL: /favicon.ico	 Origin: undefined
20230311	17:08:28 	9020195e-ec22-458e-b85e-ac3b6a10d5b2 	 Method: GET	URL: /Projects	 Origin: http://localhost:3000
20230311	17:08:28 	5b3497fd-1841-45e1-bd14-2511f9daa211 	 Method: GET	URL: /projectComponents	 Origin: http://localhost:3000
20230311	17:19:40 	6602ab88-3540-4567-8297-8e60ef12ef2b 	 Method: GET	URL: /Projects	 Origin: http://localhost:3000
20230311	17:19:40 	1753a6e0-c7d6-4a4c-84ae-ed75ffce1776 	 Method: GET	URL: /projectComponents	 Origin: http://localhost:3000
20230311	17:21:24 	95b72ebe-02a6-4be6-8b4c-b3cc170f8385 	 Method: GET	URL: /Projects	 Origin: http://localhost:3000
20230311	17:21:24 	42e65839-8fb3-4dc5-9fa9-953d49690aee 	 Method: GET	URL: /projectComponents	 Origin: http://localhost:3000
20230311	17:23:36 	fa1f0777-3b5a-40b8-8c15-c7a646e56bb7 	 Method: GET	URL: /Projects	 Origin: http://localhost:3000
20230311	17:23:36 	3fbf1abf-3b07-4676-9456-817a882855a3 	 Method: GET	URL: /projectComponents	 Origin: http://localhost:3000
20230311	17:23:50 	99603c69-1490-4773-92ae-9f928cda4d17 	 Method: GET	URL: /Projects	 Origin: http://localhost:3000
20230311	17:23:50 	089df746-7420-44af-afe4-3eea17bba9a7 	 Method: GET	URL: /projectComponents	 Origin: http://localhost:3000
20230311	17:29:04 	7d291c23-9449-4a2f-adcf-2404f16b1fe6 	 Method: GET	URL: /Projects	 Origin: http://localhost:3000
20230311	17:29:04 	ab0a5d9a-e91d-40da-a838-80476978b970 	 Method: GET	URL: /projectComponents	 Origin: http://localhost:3000
20230311	17:29:53 	ea93cb28-e463-4688-b959-4068884637b0 	 Method: GET	URL: /Projects	 Origin: http://localhost:3000
20230311	17:29:53 	aa85926f-50f4-4e6a-ae1c-7f67b7438fa7 	 Method: GET	URL: /projectComponents	 Origin: http://localhost:3000
20230311	17:31:02 	48148aef-0b1f-4818-9060-6174f0f8ef17 	 Method: GET	URL: /Projects	 Origin: http://localhost:3000
20230311	17:31:02 	ed99b353-34c5-4a38-9e83-20fabe585976 	 Method: GET	URL: /projectComponents	 Origin: http://localhost:3000
20230311	17:32:51 	8f6939d1-de9a-4db4-93a2-b7006397eb6d 	 Method: GET	URL: /Projects	 Origin: http://localhost:3000
20230311	17:32:51 	5bb24928-4e5e-460b-9ba7-16ef60f8864f 	 Method: GET	URL: /projectComponents	 Origin: http://localhost:3000
20230311	17:32:55 	4ffb0c7e-0d94-4e8a-a103-7220e6814db2 	 Method: GET	URL: /Projects	 Origin: http://localhost:3000
20230311	17:32:55 	73c7fde3-8001-4f53-a2be-935165b1610d 	 Method: GET	URL: /projectComponents	 Origin: http://localhost:3000
20230311	17:33:13 	90bfc893-70de-44ac-b60d-73b9e2beaf59 	 Method: GET	URL: /Projects	 Origin: http://localhost:3000
20230311	17:33:13 	6e9bfc84-ab18-4c18-841b-049e6f253644 	 Method: GET	URL: /projectComponents	 Origin: http://localhost:3000
20230311	17:34:40 	4ae32fcd-2deb-458f-8859-cab501ac39ce 	 Method: GET	URL: /Projects	 Origin: http://localhost:3000
20230311	17:34:40 	b90d6403-0596-455a-a215-057ee40d5fb9 	 Method: GET	URL: /projectComponents	 Origin: http://localhost:3000
20230311	17:35:34 	f11c4f03-1ad0-48df-b7e1-38f5fee802ac 	 Method: GET	URL: /Projects	 Origin: http://localhost:3000
20230311	17:35:34 	008ad0bd-9fac-41fd-87d2-a0b288f4c8b6 	 Method: GET	URL: /projectComponents	 Origin: http://localhost:3000
20230311	17:39:04 	ce0c7ff8-57d8-4583-b638-0bf0f0de3114 	 Method: GET	URL: /Projects	 Origin: http://localhost:3000
20230311	17:39:04 	1f26fe37-3803-4dd9-81f0-b5bda5a8a896 	 Method: GET	URL: /projectComponents	 Origin: http://localhost:3000
20230311	17:39:21 	bfe6c910-fa91-4dcd-8af9-e66de7343f75 	 Method: GET	URL: /Projects	 Origin: http://localhost:3000
20230311	17:39:21 	400c28dc-bae6-4afe-9aff-8d632d605ba1 	 Method: GET	URL: /projectComponents	 Origin: http://localhost:3000
20230311	17:39:24 	a40b9777-0a4e-4355-931a-60ab8e013965 	 Method: GET	URL: /Projects	 Origin: http://localhost:3000
20230311	17:39:24 	09c12977-0ddf-4ddc-a9c9-a92ecaa09d0a 	 Method: GET	URL: /projectComponents	 Origin: http://localhost:3000
20230311	17:41:10 	1b170765-37e6-4a72-ad94-088da44fcb7e 	 Method: GET	URL: /Projects	 Origin: http://localhost:3000
20230311	17:41:10 	e518a8a4-fdfa-42c9-b144-a59888e24d3f 	 Method: GET	URL: /projectComponents	 Origin: http://localhost:3000
20230311	21:35:28 	be76b95e-e85c-4c63-8a3a-2045986676e5 	 Method: GET	URL: /Projects	 Origin: http://localhost:3000
20230311	21:35:28 	87e1308a-1f27-4830-b631-685c716959c5 	 Method: GET	URL: /projectComponents	 Origin: http://localhost:3000
20230311	21:46:35 	83d97a89-d5ce-4192-a696-55fc6093d46b 	 Method: GET	URL: /Projects	 Origin: http://localhost:3000
20230311	21:46:35 	59a24ece-46e7-4f6e-acbb-4f08b43e23c2 	 Method: GET	URL: /projectComponents	 Origin: http://localhost:3000
20230311	21:47:02 	bdc85b74-7959-4aaa-860c-bd80a3aabc77 	 Method: GET	URL: /projectComponents	 Origin: http://localhost:3000
20230311	21:47:01 	c0ee8a36-5943-4b5a-9816-641860be3098 	 Method: GET	URL: /Projects	 Origin: http://localhost:3000
20230311	21:48:43 	80a4f647-e55e-4a19-9298-c327d40cf10f 	 Method: GET	URL: /Projects	 Origin: http://localhost:3000
20230311	21:48:43 	1556a1d7-0fc0-49f1-beab-69b485f3cf0f 	 Method: GET	URL: /projectComponents	 Origin: http://localhost:3000
20230311	21:49:18 	ebddf17b-0a05-4820-80ee-8876939426f9 	 Method: GET	URL: /projectComponents	 Origin: http://localhost:3000
20230311	21:49:18 	d23899eb-cdc7-4c72-b8ff-7025f02e3f1e 	 Method: GET	URL: /Projects	 Origin: http://localhost:3000
20230311	21:50:33 	2956221b-1ecc-437c-a46e-52c9e53d07b4 	 Method: GET	URL: /Projects	 Origin: http://localhost:3000
20230311	21:50:33 	947d7eee-627d-4639-b684-19a0fbe36b44 	 Method: GET	URL: /projectComponents	 Origin: http://localhost:3000
20230311	21:56:45 	d63a0f49-a3ae-4a6a-88a9-2292d5bcd402 	 Method: OPTIONS	URL: /Projects	 Origin: http://localhost:3000
20230311	21:56:45 	e126ee3d-223f-4561-b8f3-f65bdfec7a41 	 Method: POST	URL: /Projects	 Origin: http://localhost:3000
20230311	21:56:57 	692ab2d4-7973-48c2-9cc3-516e528833a9 	 Method: GET	URL: /Projects	 Origin: http://localhost:3000
20230311	21:56:57 	ea60b66a-3ea1-4647-a116-b99a3ae40714 	 Method: GET	URL: /projectComponents	 Origin: http://localhost:3000
20230311	21:57:33 	eb5c6635-8a1f-4f46-ae39-cd907b99ce79 	 Method: GET	URL: /Projects	 Origin: http://localhost:3000
20230311	21:57:33 	9d0bb572-c57e-440b-8a96-f5fc3516448a 	 Method: GET	URL: /projectComponents	 Origin: http://localhost:3000
20230311	22:01:35 	457316ec-bb5c-430a-a7d0-451ef6efba39 	 Method: GET	URL: /Projects	 Origin: http://localhost:3000
20230311	22:01:35 	b6e9e5ec-c410-4cff-a404-3f4be01a6f05 	 Method: GET	URL: /projectComponents	 Origin: http://localhost:3000
20230311	22:07:17 	ee882ef9-e30b-423f-b5d7-f5e844ec84ed 	 Method: GET	URL: /Projects	 Origin: http://localhost:3000
20230311	22:07:17 	46edfd3b-d1b7-4153-ac51-9df0dc9eb092 	 Method: GET	URL: /projectComponents	 Origin: http://localhost:3000
20230318	22:27:06 	fe04e28a-d25d-40ae-9e9b-7c6f0fc7a64b 	 Method: GET	URL: /Projects	 Origin: http://localhost:3000
20230318	22:27:06 	12a37fcf-c688-4320-9b09-605d79fadce9 	 Method: GET	URL: /projectComponents	 Origin: http://localhost:3000
20230318	22:49:52 	d7cac110-b0fb-481b-87ff-1574686b067b 	 Method: GET	URL: /projectComponents	 Origin: http://localhost:3000
20230318	22:49:52 	09c339f4-b36b-475f-93b2-93c4ba52c375 	 Method: GET	URL: /Projects	 Origin: http://localhost:3000
20230318	22:58:06 	c7936e98-01a4-4b93-aeec-e68e8f78c2c6 	 Method: GET	URL: /Projects	 Origin: http://localhost:3000
20230318	22:58:06 	b7690333-1289-4e8b-a5af-aee3809ea772 	 Method: GET	URL: /projectComponents	 Origin: http://localhost:3000
20230318	22:59:39 	3fe44aab-29a6-426c-bd43-3c2f56461a75 	 Method: GET	URL: /Projects	 Origin: http://localhost:3000
20230318	22:59:39 	0c26aec3-074a-4c0a-b217-8348aff9f1f8 	 Method: GET	URL: /projectComponents	 Origin: http://localhost:3000
20230318	23:11:38 	6b0f6b3a-c8c9-4879-86d0-db1c20cdd327 	 Method: OPTIONS	URL: /Projects	 Origin: http://localhost:3000
20230318	23:11:38 	7090e6cd-e0cc-4b07-ab5d-a86a510f0e8f 	 Method: POST	URL: /Projects	 Origin: http://localhost:3000
20230318	23:11:44 	2be85a33-c3e0-483f-8f9e-646ed3cbeb10 	 Method: GET	URL: /Projects	 Origin: http://localhost:3000
20230318	23:11:44 	e1692fb0-9f29-49b9-bef0-b30fc88b217f 	 Method: GET	URL: /projectComponents	 Origin: http://localhost:3000
20230318	23:20:44 	0a210310-cb29-42a0-b1ed-757880c947b3 	 Method: GET	URL: /Projects	 Origin: http://localhost:3000
20230318	23:20:44 	aa8609bb-3c0a-4865-8093-7394374c6ec7 	 Method: GET	URL: /projectComponents	 Origin: http://localhost:3000
20230318	23:20:47 	4c3faf9a-aee9-4b6d-81fa-b610f0302b30 	 Method: GET	URL: /Projects	 Origin: http://localhost:3000
20230318	23:20:49 	639146cd-beeb-4b11-9dae-36e9d377398a 	 Method: GET	URL: /Projects	 Origin: http://localhost:3000
20230318	23:21:36 	6f87749b-65bd-4722-902c-9d8da345401a 	 Method: GET	URL: /Projects	 Origin: http://localhost:3000
20230318	23:21:36 	9b7fb87a-2e85-4fc2-8140-e9f8057009e5 	 Method: GET	URL: /Projects	 Origin: http://localhost:3000
20230318	23:21:43 	a8147931-3d79-444d-9b58-633c3da72d35 	 Method: GET	URL: /Projects	 Origin: http://localhost:3000
20230318	23:21:46 	51d2891b-2e25-41a4-9bcc-172e604acdeb 	 Method: GET	URL: /Projects	 Origin: http://localhost:3000
20230318	23:21:49 	49af481b-82f3-4f7a-b6eb-8bd7d1172f18 	 Method: GET	URL: /Projects	 Origin: http://localhost:3000
20230318	23:21:59 	9f53f2fd-90e7-4fc7-8ddc-f689fa148328 	 Method: GET	URL: /Projects	 Origin: http://localhost:3000
20230318	23:22:17 	12788812-0d93-4db5-963f-8e8495d47f30 	 Method: GET	URL: /Projects	 Origin: http://localhost:3000
20230318	23:22:17 	1c5751a7-c978-46e3-8717-f78c4796077a 	 Method: GET	URL: /projectComponents	 Origin: http://localhost:3000
20230318	23:22:17 	d1336b7b-9d3d-465a-b0de-d443da44699e 	 Method: GET	URL: /Projects	 Origin: http://localhost:3000
20230318	23:23:56 	07946756-3ab5-438b-9c5c-25221626f836 	 Method: GET	URL: /Projects	 Origin: http://localhost:3000
20230318	23:23:56 	925e0997-8a73-4a74-8b74-5eeb69794967 	 Method: GET	URL: /projectComponents	 Origin: http://localhost:3000
20230318	23:23:56 	d07d87cc-5d4b-4a99-ab7a-e858fbdde0e6 	 Method: GET	URL: /Projects	 Origin: http://localhost:3000
20230318	23:24:13 	628d5f68-3921-4a22-8b50-a135108ad426 	 Method: GET	URL: /Projects	 Origin: http://localhost:3000
20230318	23:24:13 	28f03a41-3981-4f2d-ab25-2a424e376f17 	 Method: GET	URL: /projectComponents	 Origin: http://localhost:3000
20230318	23:28:45 	3ee74117-df4b-4e48-90ff-ff32ff7a958b 	 Method: GET	URL: /projectComponents	 Origin: http://localhost:3000
20230318	23:28:45 	f82656dd-be0f-425e-a202-a1a33d358164 	 Method: GET	URL: /Projects	 Origin: http://localhost:3000
20230318	23:28:45 	633f678e-61fa-45bc-9e88-e759a34f93c5 	 Method: GET	URL: /Projects	 Origin: http://localhost:3000
20230318	23:28:47 	732da63a-4636-4131-8f7c-0eed4229626f 	 Method: GET	URL: /projectComponents	 Origin: http://localhost:3000
20230318	23:46:42 	d1022862-219f-494c-bc3a-b98f05af193b 	 Method: GET	URL: /Projects	 Origin: http://localhost:3000
20230318	23:47:06 	71e59981-cb70-4731-bf43-a194d7471cf1 	 Method: GET	URL: /Projects	 Origin: http://localhost:3000
20230318	23:47:25 	91a8ee80-1a6e-4a36-99f7-7bd1c4d10c81 	 Method: GET	URL: /Projects	 Origin: http://localhost:3000
20230318	23:47:33 	8f9d0e91-271a-4112-8bc6-724c81c50227 	 Method: GET	URL: /Projects	 Origin: http://localhost:3000
20230318	23:47:39 	8294cf51-6f8b-432f-9bbf-18f6ea9946ca 	 Method: GET	URL: /Projects	 Origin: http://localhost:3000
20230318	23:47:45 	77bad403-8a81-4372-8316-c2e12827c3cd 	 Method: GET	URL: /Projects	 Origin: http://localhost:3000
20230318	23:47:46 	20a3977b-ef50-4837-ab33-0f781c9e3f88 	 Method: GET	URL: /Projects	 Origin: http://localhost:3000
20230318	23:47:47 	742f342c-e2a0-4555-938f-8415f756e90f 	 Method: GET	URL: /Projects	 Origin: http://localhost:3000
20230318	23:48:04 	3debeb69-3919-4137-9ab0-cd266c58a797 	 Method: GET	URL: /Projects	 Origin: http://localhost:3000
20230318	23:48:17 	bb69438d-1348-4e69-8229-bf65eee7af30 	 Method: GET	URL: /Projects	 Origin: http://localhost:3000
20230318	23:48:17 	938da797-fced-4dbe-acd8-1c53ce44e306 	 Method: GET	URL: /Projects	 Origin: http://localhost:3000
20230318	23:48:28 	1c3e1624-8110-42b6-b317-5988d712ab0d 	 Method: GET	URL: /Projects	 Origin: http://localhost:3000
20230318	23:48:28 	472093a1-6a54-48fa-a1b2-f45d34ca4c44 	 Method: GET	URL: /Projects	 Origin: http://localhost:3000
20230318	23:48:29 	e7cfbe5b-21d2-481d-b2da-80fd9efb4733 	 Method: GET	URL: /Projects	 Origin: http://localhost:3000
20230318	23:48:29 	1103f2b2-8fe4-4e06-8722-a703f35a71d5 	 Method: GET	URL: /Projects	 Origin: http://localhost:3000
20230318	23:48:29 	9c58210a-9a43-4e91-89e2-16ebcff0b1b2 	 Method: GET	URL: /Projects	 Origin: http://localhost:3000
20230318	23:48:29 	1a429a62-82aa-4c72-836c-448091eee484 	 Method: GET	URL: /Projects	 Origin: http://localhost:3000
20230318	23:49:55 	8cbdd7a0-3d46-4bcc-a3da-1a4c49879cdd 	 Method: GET	URL: /Projects	 Origin: http://localhost:3000
20230318	23:49:55 	34b6a463-a036-4903-a9f6-30223880f763 	 Method: GET	URL: /Projects	 Origin: http://localhost:3000
20230318	23:56:37 	fca6bc49-f5b7-40db-941c-d2c972c415b9 	 Method: GET	URL: /Projects	 Origin: http://localhost:3000
20230318	23:58:03 	02d292fc-d5e0-4e52-92b5-ec8e55512e72 	 Method: GET	URL: /Projects	 Origin: http://localhost:3000
20230318	23:58:07 	605757c2-abc2-455f-9b31-61704278060d 	 Method: GET	URL: /Projects	 Origin: http://localhost:3000
20230318	23:58:25 	c8a9e0a7-1039-492b-b24c-2b92a9c27583 	 Method: GET	URL: /Projects	 Origin: http://localhost:3000
20230318	23:58:34 	108e467d-bcec-4d07-81f6-cc9728748ebc 	 Method: GET	URL: /Projects	 Origin: http://localhost:3000
20230318	23:58:40 	f197cae8-a58c-40cd-9d3f-b818f0dcc6f6 	 Method: GET	URL: /Projects	 Origin: http://localhost:3000
20230318	23:59:00 	4e587b47-0c50-4a84-b74b-1d8c82c40e3a 	 Method: GET	URL: /Projects	 Origin: http://localhost:3000
20230318	23:59:48 	459e6d83-03b9-4e11-839e-fa02fce48698 	 Method: GET	URL: /Projects	 Origin: http://localhost:3000
20230319	00:00:56 	fb1f3edf-85b8-429d-ad4f-c560e425ea2e 	 Method: GET	URL: /Projects	 Origin: http://localhost:3000
20230319	00:00:56 	6187acca-ba32-4c5d-8de1-2a364d5f8723 	 Method: GET	URL: /projectComponents	 Origin: http://localhost:3000
20230319	00:01:07 	bffccb4d-3023-4ab2-a60f-80408f5bad42 	 Method: GET	URL: /Projects	 Origin: http://localhost:3000
20230319	00:01:07 	7e08db54-dbb4-4892-ad37-1b014fb2c23d 	 Method: GET	URL: /projectComponents	 Origin: http://localhost:3000
20230319	00:01:48 	f4488b68-f738-46c3-8379-2623faf1fe81 	 Method: GET	URL: /Projects	 Origin: http://localhost:3000
20230319	00:01:48 	958775eb-7a77-437b-a391-680e57da2ecf 	 Method: GET	URL: /projectComponents	 Origin: http://localhost:3000
20230319	00:01:52 	a6f72b25-e3f0-45a3-8bbf-d16be185762b 	 Method: GET	URL: /Projects	 Origin: http://localhost:3000
20230319	00:01:52 	18a51d5d-82f5-4aa9-8836-2bf58fe78dae 	 Method: GET	URL: /projectComponents	 Origin: http://localhost:3000
20230319	00:06:41 	9be79c2c-b4c1-40fa-ad7f-9074e8ae13f7 	 Method: GET	URL: /Projects	 Origin: http://localhost:3000
20230319	00:06:41 	56ae0e7a-d0ba-4d87-a40a-cdac184e28d9 	 Method: GET	URL: /projectComponents	 Origin: http://localhost:3000
20230319	00:08:33 	db3d3f14-3047-4416-a0f9-ef7c053a1b0b 	 Method: GET	URL: /Projects	 Origin: http://localhost:3000
20230319	00:08:33 	3250176b-525d-4cef-a824-19347f750dc7 	 Method: GET	URL: /projectComponents	 Origin: http://localhost:3000
20230319	00:08:53 	7a787137-faf0-43f6-a2a4-314f0e440f9b 	 Method: GET	URL: /Projects	 Origin: http://localhost:3000
20230319	00:08:53 	cfa2dc74-91b0-4f48-ac1b-9d5602df21b3 	 Method: GET	URL: /projectComponents	 Origin: http://localhost:3000
20230319	00:11:00 	9b3c9d6c-47c9-41b0-a04d-d2e50fb84eaf 	 Method: GET	URL: /Projects	 Origin: http://localhost:3000
20230319	00:11:08 	7054a973-54c1-4592-886f-2c6cbfbc17bb 	 Method: GET	URL: /Projects	 Origin: http://localhost:3000
20230319	00:11:08 	41b23967-e037-4dee-b3eb-c4c9982a3798 	 Method: GET	URL: /projectComponents	 Origin: http://localhost:3000
20230319	00:11:12 	8f0158f7-6b45-46b9-b1cc-75758ec53ab3 	 Method: GET	URL: /Projects	 Origin: http://localhost:3000
20230319	00:12:22 	91e0c98f-4a92-45e6-9994-fa1afb2cf984 	 Method: GET	URL: /Projects	 Origin: http://localhost:3000
20230319	00:12:29 	1bc7496d-ddd6-4005-b54d-b4aff350c4e8 	 Method: GET	URL: /Projects	 Origin: http://localhost:3000
20230319	00:12:29 	f2344041-58b6-4d76-b8e8-76bf6481c4d6 	 Method: GET	URL: /projectComponents	 Origin: http://localhost:3000
20230319	00:12:32 	0506a9e1-1b8d-4d22-96af-4a2e61391884 	 Method: GET	URL: /Projects	 Origin: http://localhost:3000
20230319	00:14:26 	43f728f1-ab19-4947-b65c-5a0a57df1aae 	 Method: GET	URL: /Projects	 Origin: http://localhost:3000
20230319	00:15:22 	e5c9b093-d442-486b-bdf0-9dde4915782e 	 Method: GET	URL: /Projects	 Origin: http://localhost:3000
20230319	00:15:22 	cc0e3437-0dc9-4c64-b4a7-083c79727e92 	 Method: GET	URL: /Projects	 Origin: http://localhost:3000
20230319	00:15:25 	03f1dbd0-22b1-4ebb-9b35-835fb692e7c3 	 Method: GET	URL: /Projects	 Origin: http://localhost:3000
20230319	00:15:25 	0913eebf-7e8d-450a-a174-e0f5f62fb353 	 Method: GET	URL: /Projects	 Origin: http://localhost:3000
20230319	00:15:25 	6e7c9f91-5f9a-4986-9c63-b5827a3b3dbf 	 Method: GET	URL: /Projects	 Origin: http://localhost:3000
20230319	00:15:25 	811dd208-6595-411c-ac86-fd545a2bfd31 	 Method: GET	URL: /Projects	 Origin: http://localhost:3000
20230319	00:15:26 	8daf1d9d-6eb4-4ba0-b7df-df3cc1a653ab 	 Method: GET	URL: /Projects	 Origin: http://localhost:3000
20230319	00:15:26 	0e4ffe9a-0628-44c6-b896-b4f4a49e8804 	 Method: GET	URL: /Projects	 Origin: http://localhost:3000
20230319	00:15:26 	e5d2e3fc-ee3a-43f0-a153-a778dbff469b 	 Method: GET	URL: /Projects	 Origin: http://localhost:3000
20230319	00:15:26 	95745aa6-5e24-4cca-8b0a-1858767e1537 	 Method: GET	URL: /Projects	 Origin: http://localhost:3000
20230319	00:15:26 	774ad53d-542c-4c81-a361-487b6da3ae8f 	 Method: GET	URL: /Projects	 Origin: http://localhost:3000
20230319	00:15:27 	fe0550b1-bedf-4d81-9549-b8e31b44a18a 	 Method: GET	URL: /Projects	 Origin: http://localhost:3000
20230319	00:15:27 	d90d266d-1082-4a4c-980a-a2aac47e5a02 	 Method: GET	URL: /Projects	 Origin: http://localhost:3000
20230319	00:15:27 	6e7a53bb-465b-4b6d-8939-4c5a04e6a8f5 	 Method: GET	URL: /Projects	 Origin: http://localhost:3000
20230319	00:15:27 	3ac7e8c3-7ae0-4cee-8b7b-4da18334fcd9 	 Method: GET	URL: /Projects	 Origin: http://localhost:3000
20230319	00:15:27 	1a5bb36a-efc2-44b7-9394-f0851bc468b2 	 Method: GET	URL: /Projects	 Origin: http://localhost:3000
20230319	00:15:27 	3169cb80-25c5-44fc-8d6c-1ba4007f0a24 	 Method: GET	URL: /Projects	 Origin: http://localhost:3000
20230319	00:15:27 	7768d255-cb34-4ad8-985e-7399857768c4 	 Method: GET	URL: /Projects	 Origin: http://localhost:3000
20230319	00:15:27 	70c248b3-556b-4502-a34a-38de4e46deb1 	 Method: GET	URL: /Projects	 Origin: http://localhost:3000
20230319	00:15:28 	5ebf0c4d-2ab2-4d88-8d4d-8ff6617199a7 	 Method: GET	URL: /Projects	 Origin: http://localhost:3000
20230319	00:15:28 	4138f622-cd22-469c-a66c-c0a81396457e 	 Method: GET	URL: /Projects	 Origin: http://localhost:3000
20230319	00:15:28 	4f1fbdda-52fb-41f8-b6d0-c51f50521b8f 	 Method: GET	URL: /Projects	 Origin: http://localhost:3000
20230319	00:15:28 	f36d2959-e8c2-4f2e-822d-6195bcc0c3de 	 Method: GET	URL: /Projects	 Origin: http://localhost:3000
20230319	00:15:28 	bf7ac140-3bb4-45f9-890f-85d6e88e4cc2 	 Method: GET	URL: /Projects	 Origin: http://localhost:3000
20230319	00:15:28 	e4716561-57ed-49e9-bfee-152d4756acd8 	 Method: GET	URL: /Projects	 Origin: http://localhost:3000
20230319	00:15:28 	bd7648d0-65e0-4486-92f7-10f66453c584 	 Method: GET	URL: /Projects	 Origin: http://localhost:3000
20230319	00:15:28 	19307cc8-38a1-4d24-95e7-5f1f5e168c66 	 Method: GET	URL: /Projects	 Origin: http://localhost:3000
20230319	00:15:28 	fc94a7b5-6357-4ddb-b71f-cd5374145c62 	 Method: GET	URL: /Projects	 Origin: http://localhost:3000
20230319	00:15:28 	707e73f0-1375-41c0-a651-8865999b27c6 	 Method: GET	URL: /Projects	 Origin: http://localhost:3000
20230319	00:15:29 	0b5f3215-850d-4683-84c2-5a8bf397318b 	 Method: GET	URL: /Projects	 Origin: http://localhost:3000
20230319	00:15:29 	ccb9d78e-ebcc-468d-a765-482f2bd19470 	 Method: GET	URL: /Projects	 Origin: http://localhost:3000
20230319	00:15:29 	b4ec1e91-eec9-465a-8c65-1d4bef0c66c8 	 Method: GET	URL: /Projects	 Origin: http://localhost:3000
20230319	00:15:29 	ac8d1f97-5190-43cd-a995-eaf19b8dc732 	 Method: GET	URL: /Projects	 Origin: http://localhost:3000
20230319	00:15:29 	5e78223d-7019-4ea6-930d-13c67c9a6fc3 	 Method: GET	URL: /Projects	 Origin: http://localhost:3000
20230319	00:15:29 	08078173-4dbe-4615-82b2-8b27cef18717 	 Method: GET	URL: /Projects	 Origin: http://localhost:3000
20230319	00:15:29 	5da4c5c2-9b3a-43fe-a311-5e6e1fc32a40 	 Method: GET	URL: /Projects	 Origin: http://localhost:3000
20230319	00:15:29 	2a0f7d1a-368d-4084-9dfe-f4f21104dee2 	 Method: GET	URL: /Projects	 Origin: http://localhost:3000
20230319	00:15:30 	66b0d847-f84d-4930-823b-dfb18c22d88a 	 Method: GET	URL: /Projects	 Origin: http://localhost:3000
20230319	00:15:30 	69f95435-7992-42d2-af2a-9e019ceaab36 	 Method: GET	URL: /Projects	 Origin: http://localhost:3000
20230319	00:15:30 	d7713416-59e3-4164-be56-4c9ae883b0f3 	 Method: GET	URL: /Projects	 Origin: http://localhost:3000
20230319	00:15:30 	4a6af839-c4a4-48ae-8280-56a57f0961e8 	 Method: GET	URL: /Projects	 Origin: http://localhost:3000
20230319	00:15:30 	80fd1c92-1799-447e-967b-bef77ab888d6 	 Method: GET	URL: /Projects	 Origin: http://localhost:3000
20230319	00:15:30 	599dd273-4c5e-4608-9bae-338c5a97e43c 	 Method: GET	URL: /Projects	 Origin: http://localhost:3000
20230319	00:15:30 	5062ab67-efa5-4f66-9ce1-9ef3283ab24d 	 Method: GET	URL: /Projects	 Origin: http://localhost:3000
20230319	00:15:30 	1150e912-6850-4e15-890e-a482faf9e7be 	 Method: GET	URL: /Projects	 Origin: http://localhost:3000
20230319	00:15:30 	32a6c02e-9659-4b17-bb95-aaadd641769e 	 Method: GET	URL: /Projects	 Origin: http://localhost:3000
20230319	00:15:31 	200de94b-72e9-4451-a766-4776f299c142 	 Method: GET	URL: /Projects	 Origin: http://localhost:3000
20230319	00:15:31 	67f332e3-8dab-4003-96c5-613c73c0b260 	 Method: GET	URL: /Projects	 Origin: http://localhost:3000
20230319	00:15:31 	abd5d278-fe7b-4fc9-9c11-36216e2cf363 	 Method: GET	URL: /Projects	 Origin: http://localhost:3000
20230319	00:15:31 	61f7eec9-5689-4d1c-aaf8-cfd64ccaae39 	 Method: GET	URL: /Projects	 Origin: http://localhost:3000
20230319	00:15:31 	4d172834-17b8-4fc1-87b7-50fd10cec9be 	 Method: GET	URL: /Projects	 Origin: http://localhost:3000
20230319	00:15:31 	b8e8285f-aa28-4153-b3c3-b020923e0a12 	 Method: GET	URL: /Projects	 Origin: http://localhost:3000
20230319	00:15:31 	e389a6bc-2b87-4e40-b8df-df2c32cfa562 	 Method: GET	URL: /Projects	 Origin: http://localhost:3000
20230319	00:15:31 	6246ed9d-33dd-48d1-84b6-d696f9c2f98e 	 Method: GET	URL: /Projects	 Origin: http://localhost:3000
20230319	00:15:31 	b15d01ae-d6ac-4697-9296-be075316d2fa 	 Method: GET	URL: /Projects	 Origin: http://localhost:3000
20230319	00:15:31 	f6f23178-d66d-4445-b98a-ae0863bf3b6d 	 Method: GET	URL: /Projects	 Origin: http://localhost:3000
20230319	00:15:32 	664e26b8-bc9a-4761-b82a-80b23088e101 	 Method: GET	URL: /Projects	 Origin: http://localhost:3000
20230319	00:15:32 	c7992162-c8fb-4187-b5b6-29753e574240 	 Method: GET	URL: /Projects	 Origin: http://localhost:3000
20230319	00:15:32 	803cb49c-7cbb-4f1b-8204-47fbdf599b56 	 Method: GET	URL: /Projects	 Origin: http://localhost:3000
20230319	00:15:32 	2d3b18d7-1db0-48ab-9339-f86602547664 	 Method: GET	URL: /Projects	 Origin: http://localhost:3000
20230319	00:15:32 	80ac24c7-30d3-4380-be10-7b196c912cd3 	 Method: GET	URL: /Projects	 Origin: http://localhost:3000
20230319	00:15:32 	ae27b8cd-aaf2-485e-b345-9c1468ca2a92 	 Method: GET	URL: /Projects	 Origin: http://localhost:3000
20230319	00:15:32 	a8816b47-166c-425c-af04-621655c19191 	 Method: GET	URL: /Projects	 Origin: http://localhost:3000
20230319	00:15:32 	862d3c0f-aaae-415f-a5ed-6eb190781d65 	 Method: GET	URL: /Projects	 Origin: http://localhost:3000
20230319	00:15:33 	7ef649f4-0a10-43c1-9346-f276674c0228 	 Method: GET	URL: /Projects	 Origin: http://localhost:3000
20230319	00:15:33 	e919f5c8-56ed-436c-a8a8-d0471c268bfa 	 Method: GET	URL: /Projects	 Origin: http://localhost:3000
20230319	00:15:33 	e8f3a987-6d8d-4979-bfc4-70b22133931f 	 Method: GET	URL: /Projects	 Origin: http://localhost:3000
20230319	00:15:33 	7a9fc257-a20a-4097-a947-5c33f68f01ea 	 Method: GET	URL: /Projects	 Origin: http://localhost:3000
20230319	00:15:33 	62b67598-1d94-41f8-9183-4245565ef07a 	 Method: GET	URL: /Projects	 Origin: http://localhost:3000
20230319	00:15:33 	e4c4be0c-20c7-4c3b-91d5-44d132f13965 	 Method: GET	URL: /Projects	 Origin: http://localhost:3000
20230319	00:15:33 	d09cd171-e79b-46c4-8a72-d7a4e3ed70b0 	 Method: GET	URL: /Projects	 Origin: http://localhost:3000
20230319	00:15:33 	366d8d78-ad3a-4ced-a176-8b3d3c02d9a7 	 Method: GET	URL: /Projects	 Origin: http://localhost:3000
20230319	00:15:33 	836bda1e-3087-4bc3-a0be-0f755acb0e9c 	 Method: GET	URL: /Projects	 Origin: http://localhost:3000
20230319	00:15:34 	b5b7f002-d869-4b15-98ac-b870badcb40b 	 Method: GET	URL: /Projects	 Origin: http://localhost:3000
20230319	00:15:34 	d8ca598f-746a-403d-be05-a71612ea78b4 	 Method: GET	URL: /Projects	 Origin: http://localhost:3000
20230319	00:15:34 	a97e48e9-0a36-4a76-be8e-0fa44f7b3caf 	 Method: GET	URL: /Projects	 Origin: http://localhost:3000
20230319	00:15:34 	304aefe5-bf1c-43c3-a8d7-b1547163114b 	 Method: GET	URL: /Projects	 Origin: http://localhost:3000
20230319	00:15:34 	ff7e7628-76ca-418b-8bf2-9b78086c1ddf 	 Method: GET	URL: /Projects	 Origin: http://localhost:3000
20230319	00:15:34 	0d111482-0c55-44c7-8a30-5d34eec2ac79 	 Method: GET	URL: /Projects	 Origin: http://localhost:3000
20230319	00:15:34 	f0690c16-0544-4115-b0c7-3a6681fa1090 	 Method: GET	URL: /Projects	 Origin: http://localhost:3000
20230319	00:15:34 	57cbecfa-616a-4847-af22-c4911708b1ac 	 Method: GET	URL: /Projects	 Origin: http://localhost:3000
20230319	00:15:34 	2b96b0a7-03e9-4807-8bdc-99bf246ab28a 	 Method: GET	URL: /Projects	 Origin: http://localhost:3000
20230319	00:15:34 	c6b2d140-3a26-4698-990f-5949bf99e54e 	 Method: GET	URL: /Projects	 Origin: http://localhost:3000
20230319	00:15:35 	fc97bcb6-44d7-453d-8aec-fe1a05fb8897 	 Method: GET	URL: /Projects	 Origin: http://localhost:3000
20230319	00:15:35 	f09c237c-cdc9-47b6-8e8e-3d7ad7392a21 	 Method: GET	URL: /Projects	 Origin: http://localhost:3000
20230319	00:15:35 	69d74e24-4342-42cb-ba8e-8d54c679d8a4 	 Method: GET	URL: /Projects	 Origin: http://localhost:3000
20230319	00:15:35 	f52cfc72-f86f-44cc-8801-d5a80e82718f 	 Method: GET	URL: /Projects	 Origin: http://localhost:3000
20230319	00:15:35 	d8774bb7-59ae-4b1e-8471-c581d371a64b 	 Method: GET	URL: /Projects	 Origin: http://localhost:3000
20230319	00:15:35 	da010406-05c8-4cc6-ac94-1196d57a0517 	 Method: GET	URL: /Projects	 Origin: http://localhost:3000
20230319	00:15:35 	3d71de05-4713-42b0-8b6d-184b94a94416 	 Method: GET	URL: /Projects	 Origin: http://localhost:3000
20230319	00:15:35 	ccde945d-2358-41ad-a6b2-97e2b6e34ebf 	 Method: GET	URL: /Projects	 Origin: http://localhost:3000
20230319	00:15:35 	1e76e984-b68e-4f84-b60b-38c0f49713ce 	 Method: GET	URL: /Projects	 Origin: http://localhost:3000
20230319	00:15:36 	7b414ccb-5047-4d55-9bbc-e26964c544b8 	 Method: GET	URL: /Projects	 Origin: http://localhost:3000
20230319	00:15:36 	9fb1c3e3-c4d1-470b-b9e0-144af1f48b8a 	 Method: GET	URL: /Projects	 Origin: http://localhost:3000
20230319	00:15:36 	b1ca2e48-dc14-4b86-be08-043d85ef2b0d 	 Method: GET	URL: /Projects	 Origin: http://localhost:3000
20230319	00:15:36 	cdd57dbe-24e9-411c-a2c1-03c350ca5d73 	 Method: GET	URL: /Projects	 Origin: http://localhost:3000
20230319	00:15:36 	8c903e63-d4ef-4636-894b-a43edd78c82e 	 Method: GET	URL: /Projects	 Origin: http://localhost:3000
20230319	00:15:36 	0b634672-5787-4aee-a107-36660a6359ff 	 Method: GET	URL: /Projects	 Origin: http://localhost:3000
20230319	00:15:36 	fc71dc62-8f13-4668-bb6c-7d9726501a50 	 Method: GET	URL: /Projects	 Origin: http://localhost:3000
20230319	00:15:36 	50bf1429-0ae7-4bd0-9050-88dc04ed2f09 	 Method: GET	URL: /Projects	 Origin: http://localhost:3000
20230319	00:15:36 	8467c7b6-3218-432f-880d-a928de2e36a7 	 Method: GET	URL: /Projects	 Origin: http://localhost:3000
20230319	00:15:37 	3f1e583d-dd58-4e2c-a7c3-af8754fc54b6 	 Method: GET	URL: /Projects	 Origin: http://localhost:3000
20230319	00:15:37 	6f841b20-026e-45bf-92da-b8f16b2c97dd 	 Method: GET	URL: /Projects	 Origin: http://localhost:3000
20230319	00:15:37 	d0f70f04-1a08-4132-a5b8-bfc10cc1fa3a 	 Method: GET	URL: /Projects	 Origin: http://localhost:3000
20230319	00:15:37 	d1abb1d7-1efd-4b7c-bbb5-803e19142aa3 	 Method: GET	URL: /Projects	 Origin: http://localhost:3000
20230319	00:15:37 	941932b6-4725-4534-a3b1-13be8e43d830 	 Method: GET	URL: /Projects	 Origin: http://localhost:3000
20230319	00:15:37 	9032ecd9-daf0-4fd4-8758-8d39b7304552 	 Method: GET	URL: /Projects	 Origin: http://localhost:3000
20230319	00:15:37 	24ad918d-39a2-418c-ae9b-9f4709b3577b 	 Method: GET	URL: /Projects	 Origin: http://localhost:3000
20230319	00:15:37 	4c5f4e2b-7977-4720-8d9d-0644cd909e0b 	 Method: GET	URL: /Projects	 Origin: http://localhost:3000
20230319	00:15:37 	3abf2bd1-d259-44f1-af36-36857b613829 	 Method: GET	URL: /Projects	 Origin: http://localhost:3000
20230319	00:15:37 	4e2bdbb1-6b29-4c12-a0e2-e6d6a99b3ce2 	 Method: GET	URL: /Projects	 Origin: http://localhost:3000
20230319	00:15:38 	5c0532fa-4b32-4c95-aeab-4565d152dd8a 	 Method: GET	URL: /Projects	 Origin: http://localhost:3000
20230319	00:15:38 	f5c905dd-57bf-45dd-b618-a8a10feaeaa7 	 Method: GET	URL: /Projects	 Origin: http://localhost:3000
20230319	00:15:47 	181a751a-cf34-40c6-96d5-f36ecd37d345 	 Method: GET	URL: /Projects	 Origin: http://localhost:3000
20230319	00:19:14 	9df39084-e69c-4562-8b32-8ea55ea81b0f 	 Method: GET	URL: /Projects	 Origin: http://localhost:3000
20230319	00:19:14 	9d81a447-9fc2-43af-8548-c3f17897f967 	 Method: GET	URL: /projectComponents	 Origin: http://localhost:3000
20230319	00:19:20 	ab3e6937-2803-407c-adde-4c14c6897039 	 Method: GET	URL: /Projects	 Origin: http://localhost:3000
20230319	00:23:06 	8114d171-7b64-4927-9f62-2eebd7c36fe4 	 Method: GET	URL: /Projects	 Origin: http://localhost:3000
20230319	00:23:06 	fcd40db4-96b1-41d4-808a-27dbcc569083 	 Method: GET	URL: /projectComponents	 Origin: http://localhost:3000
20230319	00:26:40 	3512372a-78ff-4cf8-b6bd-98f22669cf18 	 Method: GET	URL: /Projects	 Origin: http://localhost:3000
20230319	00:26:45 	66e8142c-d22a-46b7-b87e-92461868a583 	 Method: GET	URL: /Projects	 Origin: http://localhost:3000
20230319	00:26:45 	488ca315-eff5-4b26-91ba-070040261421 	 Method: GET	URL: /projectComponents	 Origin: http://localhost:3000
20230319	00:26:50 	741b7f5f-88d8-4a1f-b05c-4f69dc1017a7 	 Method: GET	URL: /Projects	 Origin: http://localhost:3000
20230319	00:28:30 	5c9a3d30-9639-4e68-89d3-9aedf23bdc31 	 Method: GET	URL: /Projects	 Origin: http://localhost:3000
20230319	00:29:45 	c34312f8-8880-4d49-a2e7-761d99cc1676 	 Method: GET	URL: /Projects	 Origin: http://localhost:3000
20230319	00:37:20 	bbe6c567-600f-44bd-8414-b66ffbfe12b0 	 Method: GET	URL: /Projects	 Origin: http://localhost:3000
20230319	00:37:20 	d0c2b7cf-b5d5-49c8-ab52-3e02888578df 	 Method: GET	URL: /projectComponents	 Origin: http://localhost:3000
20230319	00:39:16 	3bf8d576-edfb-4d75-a54c-7def03cf3d94 	 Method: GET	URL: /Projects	 Origin: http://localhost:3000
20230319	00:39:16 	f2a3ca53-f8f2-4622-9130-18b09569aac7 	 Method: GET	URL: /projectComponents	 Origin: http://localhost:3000
20230319	00:39:16 	01ca1813-a28e-457d-9539-7a6d76ea3c07 	 Method: GET	URL: /Projects	 Origin: http://localhost:3000
20230319	00:39:29 	54408ed9-d370-436f-9a93-740cff9eaabd 	 Method: GET	URL: /Projects	 Origin: http://localhost:3000
20230319	13:13:37 	b8e43c75-d896-4906-bc23-6dc9c2a8e8be 	 Method: GET	URL: /projectComponents	 Origin: http://localhost:3000
20230319	13:13:37 	c2eb119f-13ba-4399-916c-4100e011ea51 	 Method: GET	URL: /Projects	 Origin: http://localhost:3000
20230319	13:15:34 	d7aa41f4-6cca-4bfc-9576-d54de5f4d4c1 	 Method: GET	URL: /Projects	 Origin: http://localhost:3000
20230319	13:16:20 	d374f72c-567e-4a56-9237-c182ad39d7fa 	 Method: GET	URL: /Projects	 Origin: http://localhost:3000
20230319	13:16:20 	a867e19f-9a9f-407e-b1f0-14ded77dffd5 	 Method: GET	URL: /projectComponents	 Origin: http://localhost:3000
20230319	13:25:49 	bb7f2c7f-3f59-4321-8d4f-3fd6303be53f 	 Method: GET	URL: /Projects	 Origin: http://localhost:3000
20230319	13:25:49 	bccb9b63-d771-4965-88f6-a099d18cc698 	 Method: GET	URL: /projectComponents	 Origin: http://localhost:3000
20230319	13:27:01 	f3bdd6c9-7a10-436e-bbc2-0c7a1ce45248 	 Method: GET	URL: /Projects	 Origin: http://localhost:3000
20230319	13:27:13 	bb16bc7e-41e9-4407-922e-68603c26caab 	 Method: GET	URL: /Projects	 Origin: http://localhost:3000
20230319	13:27:39 	8a364cc2-6b88-46aa-ab27-65a1b0dd2619 	 Method: GET	URL: /Projects	 Origin: http://localhost:3000
20230319	13:27:39 	0e6f50ee-69fa-40e9-b22d-107054783169 	 Method: GET	URL: /projectComponents	 Origin: http://localhost:3000
20230319	13:27:48 	84599c79-0656-4fa2-894f-35c1c58d2ac3 	 Method: GET	URL: /Projects	 Origin: http://localhost:3000
20230319	13:29:06 	5e77f5a4-928d-4790-9d28-5c9411386f48 	 Method: GET	URL: /Projects	 Origin: http://localhost:3000
20230319	13:29:32 	bc7e8b8e-e849-44cf-b622-2aa0a7570dd9 	 Method: GET	URL: /Projects	 Origin: http://localhost:3000
20230319	13:32:16 	c08e3e13-94eb-4280-8af2-d2bf7e9b9d36 	 Method: OPTIONS	URL: /Projects	 Origin: http://localhost:3000
20230319	13:32:16 	b031dbe5-7525-4b0b-b625-638fdb88a480 	 Method: POST	URL: /Projects	 Origin: http://localhost:3000
20230319	13:32:22 	04a307df-ff55-4ce9-b499-a4e8264349df 	 Method: GET	URL: /Projects	 Origin: http://localhost:3000
20230319	13:33:28 	8353321f-0a91-43ff-8e29-594bebce9338 	 Method: GET	URL: /Projects	 Origin: http://localhost:3000
20230319	13:34:37 	3287f9ab-c096-4676-9868-d65f1ad59e7f 	 Method: GET	URL: /Projects	 Origin: http://localhost:3000
20230319	13:34:54 	be5696d9-82bb-42c1-a9f0-ae12acf29488 	 Method: GET	URL: /Projects	 Origin: http://localhost:3000
20230319	13:35:04 	22bc9523-4077-42a3-939a-9e38bc204ba8 	 Method: GET	URL: /Projects	 Origin: http://localhost:3000
20230319	13:35:04 	c351d988-8739-4f13-8b67-f22ecd6dd2a3 	 Method: GET	URL: /projectComponents	 Origin: http://localhost:3000
20230319	15:14:48 	1f6d9e1b-0fcb-4345-bf0d-a19af4767c82 	 Method: GET	URL: /Projects	 Origin: http://localhost:3000
20230319	15:14:48 	a54a8057-981c-4516-9098-2a5c54a0ed27 	 Method: GET	URL: /projectComponents	 Origin: http://localhost:3000
20230319	15:14:52 	a16bf2d3-d1b5-45a7-89fe-6c128448d2d4 	 Method: GET	URL: /Projects	 Origin: http://localhost:3000
20230319	15:15:02 	38f5512d-cc20-4e42-912d-e26b7ca04415 	 Method: GET	URL: /Projects	 Origin: http://localhost:3000
20230319	15:15:02 	ccd70f44-83ff-45a7-97a4-7334e898c5f7 	 Method: GET	URL: /projectComponents	 Origin: http://localhost:3000
20230319	15:16:00 	6eef195b-c3d9-4fae-8636-27b6caed707c 	 Method: GET	URL: /Projects	 Origin: http://localhost:3000
20230319	15:16:19 	a4639d6e-08c4-4ae2-8e4d-1bdbb44193bb 	 Method: GET	URL: /Projects	 Origin: http://localhost:3000
20230319	15:30:33 	25d88c9e-1d07-45f2-92d3-e88e3f53b83e 	 Method: GET	URL: /Projects	 Origin: http://localhost:3000
20230319	15:30:33 	e61b342b-54a8-4aff-aad2-4affc68ed211 	 Method: GET	URL: /projectComponents	 Origin: http://localhost:3000
20230319	15:30:33 	d8063951-ecf7-4ad8-8f4f-9970cd52134e 	 Method: GET	URL: /Projects	 Origin: http://localhost:3000
20230319	15:59:05 	cf54d46b-8d7b-4201-9cb1-a34f841ca453 	 Method: GET	URL: /Projects	 Origin: http://localhost:3000
20230319	15:59:05 	e42299d1-8c24-4aca-afd8-06a7efa6cbe7 	 Method: GET	URL: /projectComponents	 Origin: http://localhost:3000
20230319	15:59:11 	8b0737be-0784-433c-a5be-7630e942f351 	 Method: GET	URL: /Projects	 Origin: http://localhost:3000
20230319	15:59:37 	e9709062-0135-48db-b4ea-e648ca39b136 	 Method: GET	URL: /Projects	 Origin: http://localhost:3000
20230319	15:59:37 	c8b8d160-34ee-4084-952b-ca51cd516f1f 	 Method: GET	URL: /projectComponents	 Origin: http://localhost:3000
20230319	15:59:37 	b85d3a94-65cd-441b-9e19-3cbedfeaa731 	 Method: GET	URL: /Projects	 Origin: http://localhost:3000
20230319	16:11:10 	072eb587-f05e-4e19-9797-98426f3bf433 	 Method: GET	URL: /Projects	 Origin: http://localhost:3000
20230319	16:11:10 	fc7a9b4b-2da9-4ff6-b653-8e0391dd9950 	 Method: GET	URL: /projectComponents	 Origin: http://localhost:3000
20230319	16:13:20 	fd98aa38-372c-4184-8caa-ddf879b4147b 	 Method: GET	URL: /Projects	 Origin: http://localhost:3000
20230319	16:13:20 	95c42336-e843-45f8-be98-992ae397cc32 	 Method: GET	URL: /projectComponents	 Origin: http://localhost:3000
20230319	16:14:53 	d55ffce3-29db-4888-9446-c159d2eb64ea 	 Method: GET	URL: /Projects	 Origin: http://localhost:3000
20230319	16:19:23 	dd0d15d5-e802-44c4-966a-b782db43cb15 	 Method: GET	URL: /Projects	 Origin: http://localhost:3000
20230319	16:19:23 	8e59f8ee-2278-46ef-9ee5-d4a0a94cc3ef 	 Method: GET	URL: /projectComponents	 Origin: http://localhost:3000
20230319	16:21:35 	ccb2c8e8-e1cd-48f8-a740-abc80454fa99 	 Method: GET	URL: /Projects	 Origin: http://localhost:3000
20230319	16:23:52 	4a5aac95-4c19-431e-8d71-98d38b4c15b0 	 Method: GET	URL: /Projects	 Origin: http://localhost:3000
20230319	16:23:52 	89155b77-5e69-468f-9867-32757739ccc2 	 Method: GET	URL: /projectComponents	 Origin: http://localhost:3000
20230319	16:25:43 	409e30d9-b446-42fe-8b6c-7e00f65f03c7 	 Method: GET	URL: /Projects	 Origin: http://localhost:3000
20230319	16:25:43 	d42f26a8-b308-4686-b2e2-e071cd2d749f 	 Method: GET	URL: /projectComponents	 Origin: http://localhost:3000
20230319	16:34:33 	c5b334d0-c9dc-4b65-adc3-599a40f0f3ac 	 Method: GET	URL: /Projects	 Origin: http://localhost:3000
20230319	16:34:33 	3d923696-a87b-4b8a-94f0-d114faba5287 	 Method: GET	URL: /projectComponents	 Origin: http://localhost:3000
20230319	16:34:34 	5f271ddd-f98a-4e5f-b3c0-c79c32eb87ed 	 Method: GET	URL: /Projects	 Origin: http://localhost:3000
20230319	16:43:50 	c3e2005e-bdd4-4329-92e0-a2af1bf64c46 	 Method: GET	URL: /Projects	 Origin: http://localhost:3000
20230319	17:00:21 	51334677-6cd3-4a7c-9608-2784532390e8 	 Method: GET	URL: /Projects	 Origin: http://localhost:3000
20230319	17:01:55 	476c8543-c8ed-4f4d-baee-aba1337ca6a6 	 Method: GET	URL: /Projects	 Origin: http://localhost:3000
20230319	17:01:55 	0b58738a-cc10-45ec-9eed-d38c199ee166 	 Method: GET	URL: /projectComponents	 Origin: http://localhost:3000
20230319	17:01:56 	f55cc29a-c248-4ea5-9784-419b92c71dc8 	 Method: GET	URL: /Projects	 Origin: http://localhost:3000
20230319	17:01:58 	f64ede17-41e0-4c1f-992b-3e5c8e17fece 	 Method: GET	URL: /Projects	 Origin: http://localhost:3000
20230319	17:02:33 	c5aad73d-5a92-45ee-b9df-0a660abb2b76 	 Method: GET	URL: /Projects	 Origin: http://localhost:3000
20230319	17:02:33 	c279cd88-344a-4cb5-bebc-2ceeded60d02 	 Method: GET	URL: /projectComponents	 Origin: http://localhost:3000
20230319	17:02:35 	ad6d9ad8-473b-44d6-a15d-8ceeaa32312e 	 Method: GET	URL: /Projects	 Origin: http://localhost:3000
20230319	17:09:06 	60b2b796-1bdc-4de2-a88f-c22d14572eb9 	 Method: GET	URL: /Projects	 Origin: http://localhost:3000
20230319	17:09:06 	886d014c-04cc-4b81-93f0-6ee6704baa36 	 Method: GET	URL: /projectComponents	 Origin: http://localhost:3000
20230319	17:09:06 	6393c6bb-90ad-40d5-931e-0348dff0023b 	 Method: GET	URL: /Projects	 Origin: http://localhost:3000
20230319	17:09:48 	afdd9820-0c01-4516-9c14-8f9d9f6ac01f 	 Method: GET	URL: /Projects	 Origin: http://localhost:3000
20230319	17:09:48 	bbc189b9-e364-4e03-8f2e-068c2f414a9a 	 Method: GET	URL: /projectComponents	 Origin: http://localhost:3000
20230319	17:09:49 	0359257e-6c44-4460-be91-1349f337f70a 	 Method: GET	URL: /Projects	 Origin: http://localhost:3000
20230319	17:11:44 	0f0dbcbb-39a0-4b71-8ab1-2e63b59671d1 	 Method: GET	URL: /Projects	 Origin: http://localhost:3000
20230319	17:11:44 	4d3564a1-1447-4445-9c03-b9b43d5a01ce 	 Method: GET	URL: /projectComponents	 Origin: http://localhost:3000
20230319	17:11:44 	3e23c129-9542-4771-ac54-dfa5e6779708 	 Method: GET	URL: /Projects	 Origin: http://localhost:3000
20230319	17:14:05 	19f853d0-196d-4f31-b8e4-29cb139fd583 	 Method: GET	URL: /Projects	 Origin: http://localhost:3000
20230319	17:14:05 	2124de1a-47c0-4d9f-9fb6-788a84af56b2 	 Method: GET	URL: /projectComponents	 Origin: http://localhost:3000
20230319	17:14:05 	42b01679-c4ab-4788-9cd5-7c23f4351546 	 Method: GET	URL: /Projects	 Origin: http://localhost:3000
20230319	17:14:23 	db026e12-34bf-4813-8112-f8603d1a4a65 	 Method: GET	URL: /Projects	 Origin: http://localhost:3000
20230319	17:14:23 	3dd40536-ea27-4605-ae33-0a67d2b04ba0 	 Method: GET	URL: /projectComponents	 Origin: http://localhost:3000
20230319	17:14:24 	601ffb64-1d4f-4fd4-a13b-d7936f6b6b13 	 Method: GET	URL: /Projects	 Origin: http://localhost:3000
20230319	17:14:25 	d9b8af53-3dae-4551-bec3-6a3eaf0fdc2c 	 Method: GET	URL: /Projects	 Origin: http://localhost:3000
20230319	17:14:25 	ff6a2610-0ec4-416d-aeb8-b98032867cae 	 Method: GET	URL: /projectComponents	 Origin: http://localhost:3000
20230319	17:14:25 	0b71aa59-c76d-425c-b54f-008441b4ed9e 	 Method: GET	URL: /Projects	 Origin: http://localhost:3000
20230319	17:15:40 	971a4342-78fe-4208-969b-261f2e88e0c0 	 Method: GET	URL: /Projects	 Origin: http://localhost:3000
20230319	17:15:40 	2fcecdc6-596c-48d0-a64a-88cb8aab62b8 	 Method: GET	URL: /projectComponents	 Origin: http://localhost:3000
20230319	17:15:41 	25f17fcb-8d69-4072-9758-4dad2c832b9d 	 Method: GET	URL: /Projects	 Origin: http://localhost:3000
20230319	17:17:07 	fa0f1d98-f1e5-4663-953c-f4203ad7bc0e 	 Method: GET	URL: /Projects	 Origin: http://localhost:3000
20230319	17:19:40 	f38de885-293f-4ede-97ad-89c09d694c17 	 Method: GET	URL: /Projects	 Origin: http://localhost:3000
20230319	17:20:11 	ef6cd92b-64d0-4d75-922f-c924752b3283 	 Method: GET	URL: /Projects	 Origin: http://localhost:3000
20230319	17:22:34 	9e541d21-0730-4ccd-8bb1-8f4e4b7cb7f3 	 Method: GET	URL: /Projects	 Origin: http://localhost:3000
20230319	17:22:34 	95eff344-a52a-43cf-a4b3-6d3e1f410c2d 	 Method: GET	URL: /projectComponents	 Origin: http://localhost:3000
20230319	17:22:34 	d318bb0a-eb90-46cc-9601-81903fd7119b 	 Method: GET	URL: /Projects	 Origin: http://localhost:3000
20230319	17:25:37 	cc4b45bf-1641-4d64-a11e-9629d85489d5 	 Method: GET	URL: /Projects	 Origin: http://localhost:3000
20230319	17:25:37 	a04cf0b5-2dec-4d81-a770-718706889fd3 	 Method: GET	URL: /projectComponents	 Origin: http://localhost:3000
20230319	17:25:37 	3c682c9d-2671-4d29-b69d-40b75178e4df 	 Method: GET	URL: /Projects	 Origin: http://localhost:3000
20230319	17:27:13 	8b1ca0ce-53e1-45cb-8fef-c1619912a018 	 Method: GET	URL: /Projects	 Origin: http://localhost:3000
20230319	17:27:13 	653eb0f8-1341-4a4c-8d4b-6a8ac8be9670 	 Method: GET	URL: /projectComponents	 Origin: http://localhost:3000
20230319	17:27:14 	87f53b27-dab4-488d-b69f-3bc0c8a159d0 	 Method: GET	URL: /Projects	 Origin: http://localhost:3000
20230319	17:27:21 	025ef2de-980a-46ab-a562-933fa6eedf15 	 Method: GET	URL: /Projects	 Origin: http://localhost:3000
20230319	17:45:41 	0acb51a0-95f4-415b-93e0-9bb9199b4da9 	 Method: GET	URL: /Projects	 Origin: http://localhost:3000
20230319	17:51:53 	38228da1-f281-4b19-ac20-396dc7fbb209 	 Method: GET	URL: /Projects	 Origin: http://localhost:3000
20230319	17:52:43 	e1717a53-7558-4539-a53b-71605b231a1e 	 Method: GET	URL: /Projects	 Origin: http://localhost:3000
20230319	17:52:59 	521ccef9-b0b1-44e3-b864-18fd8cd847f6 	 Method: GET	URL: /Projects	 Origin: http://localhost:3000
20230319	17:53:28 	cee06823-d892-4588-9b97-0a8ef80d8b6f 	 Method: GET	URL: /Projects	 Origin: http://localhost:3000
20230319	17:53:40 	e1cb389a-117d-4915-b48a-c2bcc2b779fd 	 Method: GET	URL: /Projects	 Origin: http://localhost:3000
20230319	17:53:42 	e9ac3f99-dcec-4d30-8c0e-21c3cf83c39e 	 Method: GET	URL: /Projects	 Origin: http://localhost:3000
20230319	17:57:29 	cbf0c2d1-a39b-4d25-a8d0-dd845229c12c 	 Method: GET	URL: /Projects	 Origin: http://localhost:3000
20230319	17:59:02 	47cff0c1-3ae2-44c7-af09-48b167bf101a 	 Method: GET	URL: /Projects	 Origin: http://localhost:3000
20230319	17:59:18 	53a8e13a-c292-410f-9076-225f88acf090 	 Method: GET	URL: /Projects	 Origin: http://localhost:3000
20230319	17:59:18 	9e4411ec-0298-4a41-88d6-0776b79e7a98 	 Method: GET	URL: /projectComponents	 Origin: http://localhost:3000
20230319	21:27:34 	059605f2-4bb1-4a8b-8fb8-b8d1ba7d119e 	 Method: GET	URL: /Projects	 Origin: http://localhost:3000
20230319	21:27:35 	9177537c-90c5-4253-a503-d53d81d791a9 	 Method: GET	URL: /projectComponents	 Origin: http://localhost:3000
20230319	21:27:48 	3e21baba-03ef-4001-95c9-723931e337e1 	 Method: GET	URL: /Projects	 Origin: http://localhost:3000
20230319	21:29:20 	48900ba2-eab4-46a6-b666-3457f1248b87 	 Method: GET	URL: /Projects	 Origin: http://localhost:3000
20230319	21:33:08 	63c3b3b1-f762-42af-8d46-994be820e111 	 Method: GET	URL: /Projects	 Origin: http://localhost:3000
20230319	21:33:24 	540c6c3e-e7fc-4e67-b855-81f7bcc85626 	 Method: GET	URL: /Projects	 Origin: http://localhost:3000
20230319	22:06:29 	fa6f3672-6da9-4bea-8665-73e107d1967a 	 Method: GET	URL: /	 Origin: undefined
20230319	22:06:29 	a112054d-1745-417c-b358-aa5f32b2ae8a 	 Method: GET	URL: /favicon.ico	 Origin: undefined
20230405	19:32:47 	5d4d541e-ca7f-424f-b8ed-7195e7142f62 	 Method: GET	URL: /	 Origin: undefined
20230405	19:32:47 	f8d95ae3-de55-4bac-a2c0-8e8c821c6e84 	 Method: GET	URL: /favicon.ico	 Origin: undefined
20230405	19:32:56 	6a24e390-b915-4bef-844e-8f3e39966da5 	 Method: GET	URL: /components	 Origin: undefined
20230405	19:33:00 	65b799c2-89d2-45a6-9098-5e7abeb44bc2 	 Method: GET	URL: /components	 Origin: undefined
20230405	19:33:05 	c615ff33-ce70-407f-b3e7-79d05aae905a 	 Method: GET	URL: /component	 Origin: undefined
20230405	19:33:18 	39e7553d-673c-4333-b027-e988d8d81790 	 Method: GET	URL: /projects	 Origin: undefined
20230407	05:35:26 	83eb16f5-f93f-4dfd-8ab2-95bee8b25d18 	 Method: GET	URL: /Projects	 Origin: http://localhost:3000
20230407	05:35:46 	ef3222c4-a22b-44b8-8fff-ed0cbd0e0160 	 Method: GET	URL: /Projects	 Origin: http://localhost:3000
20230407	05:35:46 	2206c07a-a91d-4efc-a1ec-7595f1ea3edd 	 Method: GET	URL: /projectComponents	 Origin: http://localhost:3000
20230407	05:35:46 	339e3820-a71a-4088-8e9e-d2c00c72084f 	 Method: GET	URL: /Projects	 Origin: http://localhost:3000
20230407	05:35:54 	c7586269-9760-4041-8dda-06da2f1e682e 	 Method: GET	URL: /Projects	 Origin: http://localhost:3000
20230407	05:40:30 	84a59dfb-144d-47b8-9803-92def9d5bf93 	 Method: GET	URL: /Projects	 Origin: http://localhost:3000
20230407	05:40:49 	01ed1526-08ba-4441-acab-08bb2e1c5f3a 	 Method: GET	URL: /Projects	 Origin: http://localhost:3000
20230407	05:41:16 	032c1648-931b-46d2-872b-e66210b40b29 	 Method: GET	URL: /Projects	 Origin: http://localhost:3000
20230407	05:41:33 	4d6f561b-e4c7-4d3d-bc3b-3442b2ff8f8b 	 Method: GET	URL: /Projects	 Origin: http://localhost:3000
20230407	05:42:00 	4e98838b-da6d-41b5-bade-f86ebdf7f4f9 	 Method: GET	URL: /Projects	 Origin: http://localhost:3000
20230407	05:42:00 	b8ddb99d-f5f8-4d51-a104-c54c0dc24f1d 	 Method: GET	URL: /projectComponents	 Origin: http://localhost:3000
20230407	05:42:00 	b560d354-2939-41d7-be2c-de271d17c4a0 	 Method: GET	URL: /Projects	 Origin: http://localhost:3000
20230407	05:43:11 	94ed6b96-7072-489a-bc11-b59b20654934 	 Method: GET	URL: /Projects	 Origin: http://localhost:3000
20230407	05:43:11 	f3562626-26b6-4333-96f0-8bc8fd3262da 	 Method: GET	URL: /projectComponents	 Origin: http://localhost:3000
20230407	05:43:11 	a7960a5c-38cc-43d9-b345-6f24cb2dd1d6 	 Method: GET	URL: /Projects	 Origin: http://localhost:3000
20230407	05:48:49 	e2d01ff8-9e98-4315-ad29-dc550097baab 	 Method: GET	URL: /Projects	 Origin: http://localhost:3000
20230407	05:48:49 	6937ba76-5f1a-4304-9166-fc80a4e2c1a3 	 Method: GET	URL: /projectComponents	 Origin: http://localhost:3000
20230407	05:48:49 	348151a3-9803-4dfd-b6e5-1c8d5a3248a0 	 Method: GET	URL: /Projects	 Origin: http://localhost:3000
20230407	05:50:40 	eca536c3-9db8-424b-8b0f-9f4fdef64873 	 Method: GET	URL: /Projects	 Origin: http://localhost:3000
20230407	05:50:40 	9697862a-59a9-4a47-b099-2e8291854687 	 Method: GET	URL: /projectComponents	 Origin: http://localhost:3000
20230407	05:50:40 	9a5702dc-a487-42bc-a9b3-c78bcd44aa6a 	 Method: GET	URL: /Projects	 Origin: http://localhost:3000
20230407	05:51:42 	5c12b146-fc17-46c5-ab08-a75320424bd5 	 Method: GET	URL: /Projects	 Origin: http://localhost:3000
20230407	05:51:42 	926c810b-22d5-4285-a256-83c450f8101b 	 Method: GET	URL: /projectComponents	 Origin: http://localhost:3000
20230407	05:51:43 	2275097e-345e-4c8d-bd9c-046c5614ed20 	 Method: GET	URL: /Projects	 Origin: http://localhost:3000
20230407	05:55:21 	7587130a-93b8-43ec-addb-78c114133432 	 Method: GET	URL: /Projects	 Origin: http://localhost:3000
20230407	05:55:21 	f3490b39-63dc-4c1d-a07e-15a59d25726c 	 Method: GET	URL: /projectComponents	 Origin: http://localhost:3000
20230407	05:55:21 	6f95eff9-4d8f-4831-9bee-dc5b51525511 	 Method: GET	URL: /Projects	 Origin: http://localhost:3000
20230407	05:58:10 	c5a7d0cf-affb-4843-8209-273bfb374290 	 Method: GET	URL: /Projects	 Origin: http://localhost:3000
20230407	05:58:10 	99a7e931-983a-4197-b556-6945eea0da91 	 Method: GET	URL: /projectComponents	 Origin: http://localhost:3000
20230407	05:58:11 	cef59880-7935-4059-94d9-c39a8d498baf 	 Method: GET	URL: /Projects	 Origin: http://localhost:3000
20230407	05:58:14 	714cde99-cbb7-4f75-aeb1-3bf2bb919bbf 	 Method: GET	URL: /projectComponents	 Origin: http://localhost:3000
20230407	05:58:14 	86d9970c-46dd-41f3-8a29-bba571fe1a6c 	 Method: GET	URL: /Projects	 Origin: http://localhost:3000
20230407	05:58:14 	e05f2c25-7b9b-4dfc-b9ad-50c2be18f326 	 Method: GET	URL: /Projects	 Origin: http://localhost:3000
20230407	05:58:45 	f3a93eac-1ef2-4616-a7b7-5604053f1a2c 	 Method: GET	URL: /Projects	 Origin: http://localhost:3000
20230407	05:58:45 	73498ca9-140e-4174-aa5a-92ad1488b26f 	 Method: GET	URL: /projectComponents	 Origin: http://localhost:3000
20230407	05:58:45 	ec41efde-f7f0-4302-a4e4-fb6ae8273feb 	 Method: GET	URL: /Projects	 Origin: http://localhost:3000
20230407	05:59:25 	b085f5d1-e9ef-4180-a97f-0b87b225eaff 	 Method: GET	URL: /Projects	 Origin: http://localhost:3000
20230407	05:59:25 	d5eaa808-cd29-40ac-ae26-489cf27e9460 	 Method: GET	URL: /projectComponents	 Origin: http://localhost:3000
20230407	05:59:26 	27d103d4-6a1c-414b-bd98-b08896eba921 	 Method: GET	URL: /Projects	 Origin: http://localhost:3000
20230407	06:00:49 	4f1a4b22-1f91-4f51-9cfc-ce7d336a156e 	 Method: GET	URL: /Projects	 Origin: http://localhost:3000
20230407	06:00:49 	325700db-1bcf-4cda-b849-74d6d05946f3 	 Method: GET	URL: /projectComponents	 Origin: http://localhost:3000
20230407	06:00:49 	05df07b1-a8c6-4299-93dd-7a327613ffe3 	 Method: GET	URL: /Projects	 Origin: http://localhost:3000
20230407	06:02:02 	82f4871d-429c-45bf-96fc-3d0e5717fbf3 	 Method: GET	URL: /projectComponents	 Origin: http://localhost:3000
20230407	06:02:02 	54ca5128-ccaa-43f2-a81a-620bda27fe91 	 Method: GET	URL: /Projects	 Origin: http://localhost:3000
20230407	06:02:02 	62ea14e6-9fde-4f29-a9c3-3f78b4cbc9d1 	 Method: GET	URL: /Projects	 Origin: http://localhost:3000
20230407	06:02:07 	90db671c-e20c-464f-957c-2446e67bceb9 	 Method: GET	URL: /Projects	 Origin: http://localhost:3000
20230407	06:02:07 	1022dbe3-9306-4167-85ec-08114e936c07 	 Method: GET	URL: /projectComponents	 Origin: http://localhost:3000
20230407	06:02:07 	4fcafd0a-5db1-49fb-9f72-898b8c0f8c2b 	 Method: GET	URL: /Projects	 Origin: http://localhost:3000
20230407	06:03:12 	722e9028-796a-497f-9340-abf5da23770d 	 Method: GET	URL: /Projects	 Origin: http://localhost:3000
20230407	06:03:12 	259033ab-d4b0-41db-b00b-163d3056dd4c 	 Method: GET	URL: /projectComponents	 Origin: http://localhost:3000
20230407	06:03:12 	fcff1493-20e8-4186-bba5-d5df8c3e035d 	 Method: GET	URL: /Projects	 Origin: http://localhost:3000
20230407	06:04:10 	92d029a9-e6aa-4a15-a27b-32fafdbd6034 	 Method: GET	URL: /Projects	 Origin: http://localhost:3000
20230407	06:04:10 	7c059f14-ef45-4e4b-9b6d-80bd6897ebbc 	 Method: GET	URL: /projectComponents	 Origin: http://localhost:3000
20230407	06:04:10 	9b203f28-f70d-4a2f-a26d-ef4e81ce76cb 	 Method: GET	URL: /Projects	 Origin: http://localhost:3000
20230407	06:05:29 	f3342289-1fd2-40f7-89e7-885f44924783 	 Method: GET	URL: /Projects	 Origin: http://localhost:3000
20230407	06:05:29 	a7efbc88-d0d2-42cc-a9ff-d189e7c25228 	 Method: GET	URL: /projectComponents	 Origin: http://localhost:3000
20230407	06:05:29 	99c841a1-4c93-40a6-8f4c-437f6f4ca779 	 Method: GET	URL: /Projects	 Origin: http://localhost:3000
20230407	06:06:39 	489c959e-8428-4ecc-b56e-3d5d962ff95e 	 Method: GET	URL: /Projects	 Origin: http://localhost:3000
20230407	06:06:39 	6fbc4bcb-c979-4967-8ba0-83d3ff70e7ce 	 Method: GET	URL: /projectComponents	 Origin: http://localhost:3000
20230407	06:06:39 	daa077ce-c57d-4d66-b7e4-205f248ac7bd 	 Method: GET	URL: /Projects	 Origin: http://localhost:3000
20230407	06:09:34 	082ade53-4a46-4b44-bc13-6b7ea0def840 	 Method: GET	URL: /Projects	 Origin: http://localhost:3000
20230407	06:09:34 	554e2521-4d9c-4963-9d65-fa51a1e324ce 	 Method: GET	URL: /projectComponents	 Origin: http://localhost:3000
20230407	06:09:35 	5fab2f29-614f-4a26-8885-d76bf67fef01 	 Method: GET	URL: /Projects	 Origin: http://localhost:3000
20230407	06:16:53 	43447ce6-537d-4aab-874b-ea62d34bddcb 	 Method: GET	URL: /Projects	 Origin: http://localhost:3000
20230407	06:16:53 	42609b28-80f4-4f0d-8ed7-8516b4de5b65 	 Method: GET	URL: /projectComponents	 Origin: http://localhost:3000
20230407	06:16:54 	cc58ad90-d954-4978-96c2-9c621cb99bf1 	 Method: GET	URL: /Projects	 Origin: http://localhost:3000
20230407	09:14:05 	5645c2b7-f1c0-4899-9b5a-4038d671d15d 	 Method: GET	URL: /Projects	 Origin: http://localhost:3000
20230407	09:14:05 	150b5c02-df06-4ecd-870f-f8d74126854c 	 Method: GET	URL: /projectComponents	 Origin: http://localhost:3000
20230407	09:14:06 	c74fa410-b273-4fdc-a5c5-58f6adef7db4 	 Method: GET	URL: /Projects	 Origin: http://localhost:3000
20230407	09:15:57 	d8d68807-db4a-41ec-82e5-4710411737c3 	 Method: GET	URL: /Projects	 Origin: http://localhost:3000
20230407	09:15:57 	e309fe90-ac97-430c-97e3-3c1c614404b5 	 Method: GET	URL: /projectComponents	 Origin: http://localhost:3000
20230407	09:16:01 	9efa6e59-a15b-4592-be9a-5a4e4ec3a337 	 Method: GET	URL: /projectComponents	 Origin: http://localhost:3000
20230407	09:16:01 	96bd0247-d4c7-4322-aef3-cdc7390d50a2 	 Method: GET	URL: /Projects	 Origin: http://localhost:3000
20230407	09:18:01 	7e8217ad-011b-4fc1-8db1-eda60d656e19 	 Method: GET	URL: /projectComponents	 Origin: http://localhost:3000
20230407	09:18:01 	5e711e6f-f6d4-480f-955c-db3548827ab3 	 Method: GET	URL: /Projects	 Origin: http://localhost:3000
20230407	09:18:03 	65e74509-9932-4cab-9372-a81c50cd24bd 	 Method: GET	URL: /Projects	 Origin: http://localhost:3000
20230407	09:18:03 	6846ef6e-1e8d-4ebe-bdd6-bc8f3d0bc59b 	 Method: GET	URL: /projectComponents	 Origin: http://localhost:3000
20230407	09:18:07 	1b117fbd-3b7b-4ccf-b189-2a41c95a44f9 	 Method: GET	URL: /projectComponents	 Origin: http://localhost:3000
20230407	09:18:07 	dc6262f7-ebdd-4f86-aaa6-113fd5ca3f4c 	 Method: GET	URL: /Projects	 Origin: http://localhost:3000
20230407	09:18:17 	f890db9b-60cd-4e07-86a9-0aa28166f96a 	 Method: GET	URL: /Projects	 Origin: http://localhost:3000
20230407	09:18:17 	096edd36-2ac0-48af-bc0b-549ee9668d82 	 Method: GET	URL: /projectComponents	 Origin: http://localhost:3000
20230407	09:18:19 	bb021767-7bff-4b45-8cb2-df068b9ad23e 	 Method: GET	URL: /Projects	 Origin: http://localhost:3000
20230407	09:18:19 	07f68c78-0544-49b9-9481-72c6d98b812e 	 Method: GET	URL: /projectComponents	 Origin: http://localhost:3000
20230407	09:18:21 	f60cb3a3-639d-40a0-8c53-f4b28dfe1f60 	 Method: GET	URL: /Projects	 Origin: http://localhost:3000
20230407	09:18:21 	4d12df42-3c0d-4fad-a825-2b25d6c3535d 	 Method: GET	URL: /projectComponents	 Origin: http://localhost:3000
20230407	09:18:26 	f3484fe6-b200-4dd4-aafe-70be043db304 	 Method: GET	URL: /Projects	 Origin: http://localhost:3000
20230407	09:18:26 	8315763d-1455-4f69-b560-d766e857e221 	 Method: GET	URL: /projectComponents	 Origin: http://localhost:3000
20230407	09:18:28 	22b0abdd-d23d-4279-a5d1-5442f335d432 	 Method: GET	URL: /Projects	 Origin: http://localhost:3000
20230407	09:18:28 	30813ae5-5460-4ba7-99ce-bb64e6b3db2d 	 Method: GET	URL: /projectComponents	 Origin: http://localhost:3000
20230407	09:18:34 	311e0cc0-37bd-45f9-95ed-e48b147e0f22 	 Method: GET	URL: /Projects	 Origin: http://localhost:3000
20230407	09:18:34 	86871c5e-d8a5-488b-9853-72e1d0b92813 	 Method: GET	URL: /projectComponents	 Origin: http://localhost:3000
20230407	09:18:41 	19589f20-92e2-44d7-ace1-a73b77249e54 	 Method: GET	URL: /Projects	 Origin: http://localhost:3000
20230407	09:18:41 	a1728a73-2f17-4f9c-a95b-812f59d61873 	 Method: GET	URL: /projectComponents	 Origin: http://localhost:3000
20230407	09:18:43 	789c8cb5-dcbf-44f7-a5ef-5e2ebcd998bb 	 Method: GET	URL: /Projects	 Origin: http://localhost:3000
20230407	09:18:43 	e8fa0e71-9456-4c27-8144-863cf6e66c3b 	 Method: GET	URL: /projectComponents	 Origin: http://localhost:3000
20230407	09:18:47 	ec37af38-bf68-417e-af78-178e92be21fa 	 Method: GET	URL: /Projects	 Origin: http://localhost:3000
20230407	09:18:47 	a88973fa-e498-4e21-9242-9ff53422a2f5 	 Method: GET	URL: /projectComponents	 Origin: http://localhost:3000
20230407	09:19:05 	4fe66024-472e-405d-8af3-957090bb9c18 	 Method: GET	URL: /Projects	 Origin: http://localhost:3000
20230407	09:19:05 	ad09329b-330d-46a3-b55e-9346f041a780 	 Method: GET	URL: /projectComponents	 Origin: http://localhost:3000
20230407	09:19:12 	f1f1d4d0-7a53-487c-8fdb-f5b15781e301 	 Method: GET	URL: /Projects	 Origin: http://localhost:3000
20230407	09:19:12 	6a02459e-b661-4dfc-98d6-226edfd2a00e 	 Method: GET	URL: /projectComponents	 Origin: http://localhost:3000
20230407	09:19:45 	1ddffcb7-5f4b-484d-b03f-fed80d02eba9 	 Method: GET	URL: /Projects	 Origin: http://localhost:3000
20230407	09:19:45 	0f6bcb06-e00d-4bb2-af5b-120fd5acf008 	 Method: GET	URL: /projectComponents	 Origin: http://localhost:3000
20230407	09:19:56 	4efe60f7-98d8-41e8-9eae-c57e5923270e 	 Method: GET	URL: /Projects	 Origin: http://localhost:3000
20230407	09:19:56 	d94564dd-bf7f-4dde-85ec-243de3e31147 	 Method: GET	URL: /projectComponents	 Origin: http://localhost:3000
20230407	09:20:30 	343043ca-e92b-474f-a6a5-19263438d4b6 	 Method: GET	URL: /Projects	 Origin: http://localhost:3000
20230407	09:20:30 	e3de1006-b603-4cfc-ae65-8022f17c64c4 	 Method: GET	URL: /projectComponents	 Origin: http://localhost:3000
20230407	09:20:36 	42148d9f-64ed-4866-a7a5-535d4801419b 	 Method: GET	URL: /Projects	 Origin: http://localhost:3000
20230407	09:20:36 	7fc23ffc-ea31-469b-8400-a9fdd7019be9 	 Method: GET	URL: /projectComponents	 Origin: http://localhost:3000
20230407	09:20:54 	64389dcc-991c-4cbc-a59c-f45ce0dabbfc 	 Method: GET	URL: /Projects	 Origin: http://localhost:3000
20230407	09:20:54 	815e9302-4f9b-4c07-ad34-cf270779c84a 	 Method: GET	URL: /projectComponents	 Origin: http://localhost:3000
20230407	09:21:00 	d536a7e4-8653-4ffc-bc18-c6c85502b355 	 Method: GET	URL: /projectComponents	 Origin: http://localhost:3000
20230407	09:21:00 	c8b875ae-1de0-47ad-8a3f-3c18876dd04f 	 Method: GET	URL: /Projects	 Origin: http://localhost:3000
20230407	09:21:20 	8fe7621d-503e-44d2-829c-b8936a4c5bf4 	 Method: GET	URL: /Projects	 Origin: http://localhost:3000
20230407	09:21:20 	b3c9b024-b336-4456-87a9-bd441787a19e 	 Method: GET	URL: /projectComponents	 Origin: http://localhost:3000
20230407	09:21:20 	f6fb6fa2-b2be-47d5-99dc-a5789bbe3622 	 Method: GET	URL: /Projects	 Origin: http://localhost:3000
20230407	09:22:59 	04c83535-d33b-427b-aa56-f8b008c3eef6 	 Method: GET	URL: /Projects	 Origin: http://localhost:3000
20230407	09:23:33 	b7424ada-b4c5-4beb-83f6-d68967fdbcba 	 Method: GET	URL: /Projects	 Origin: http://localhost:3000
20230407	09:25:57 	78b65a4e-4dbf-4c0c-a953-ddd2846cb2c3 	 Method: GET	URL: /Projects	 Origin: http://localhost:3000
20230407	09:25:57 	f3ae9728-ac11-45ff-8282-48b381efe8bc 	 Method: GET	URL: /projectComponents	 Origin: http://localhost:3000
20230407	09:25:57 	1cf2f70f-ae51-4153-82c9-5227b82b3477 	 Method: GET	URL: /Projects	 Origin: http://localhost:3000
20230407	09:27:02 	e1c3fded-ae61-4eb6-9a51-7e62aed43df9 	 Method: GET	URL: /Projects	 Origin: http://localhost:3000
20230407	09:27:02 	6a39d1dc-65fa-4367-8615-cafaa065a3b7 	 Method: GET	URL: /projectComponents	 Origin: http://localhost:3000
20230407	09:27:02 	8f0048a5-bfc5-4c58-9bdb-236c91b9fe71 	 Method: GET	URL: /Projects	 Origin: http://localhost:3000
20230407	09:27:18 	012102a8-1e40-43d0-a15c-b9c368c187ec 	 Method: GET	URL: /Projects	 Origin: http://localhost:3000
20230407	09:27:18 	824585ca-256e-41c9-9fe0-e7ed1e6c1a62 	 Method: GET	URL: /projectComponents	 Origin: http://localhost:3000
20230407	09:27:18 	aec816e7-3843-45b4-a6e4-28716cf17c6a 	 Method: GET	URL: /Projects	 Origin: http://localhost:3000
20230407	09:28:31 	77899e4f-28a0-4396-9e1a-920b2cc68f69 	 Method: GET	URL: /Projects	 Origin: http://localhost:3000
20230407	09:29:13 	8a67886f-ec5f-443a-9261-b1a0cc31c57b 	 Method: GET	URL: /Projects	 Origin: http://localhost:3000
20230407	09:29:16 	cdaff574-67d7-41d2-ba2b-3b1c823cd100 	 Method: GET	URL: /Projects	 Origin: http://localhost:3000
20230407	09:29:19 	db7ec9b9-ac60-4c12-94f1-bf160595b761 	 Method: GET	URL: /Projects	 Origin: http://localhost:3000
20230407	09:30:32 	0a6cdac5-8365-403c-bfc6-f32d684720ca 	 Method: GET	URL: /Projects	 Origin: http://localhost:3000
20230407	09:30:47 	13f1b93e-fd1f-49a6-a0fe-5d88eab14ca7 	 Method: GET	URL: /Projects	 Origin: http://localhost:3000
20230407	09:30:52 	22b39212-73b5-486c-b664-c87fb787a354 	 Method: GET	URL: /Projects	 Origin: http://localhost:3000
20230407	09:32:53 	4c87f815-4247-4dc7-9845-6c0af4b61ed8 	 Method: GET	URL: /Projects	 Origin: http://localhost:3000
20230407	09:34:47 	0c0679cc-13d3-4fdc-84bc-a1fca9810c73 	 Method: GET	URL: /Projects	 Origin: http://localhost:3000
20230407	09:34:47 	d96d48d9-d91d-45f9-b048-b4a035775fe5 	 Method: GET	URL: /projectComponents	 Origin: http://localhost:3000
20230407	09:34:47 	dfc65362-5fd2-4a77-a016-5dae92deb6e6 	 Method: GET	URL: /Projects	 Origin: http://localhost:3000
20230407	09:35:36 	3b1f2b97-2301-4681-a149-ea939b4d1b65 	 Method: GET	URL: /Projects	 Origin: http://localhost:3000
20230407	09:35:36 	0ee4c89b-95c2-4631-a85a-1018561ce38f 	 Method: GET	URL: /projectComponents	 Origin: http://localhost:3000
20230407	09:35:36 	cfbe7dd1-b845-426c-b5e8-83747d579603 	 Method: GET	URL: /Projects	 Origin: http://localhost:3000
20230407	09:36:02 	0a6111d3-381c-477a-a062-00301d4b87dc 	 Method: GET	URL: /Projects	 Origin: http://localhost:3000
20230407	10:17:18 	48bcc92f-0717-4727-9097-80cca85f9c1e 	 Method: GET	URL: /Projects	 Origin: http://localhost:3000
20230407	10:17:18 	cdae5b87-17cd-442a-ae32-4c0029d2af8c 	 Method: GET	URL: /projectComponents	 Origin: http://localhost:3000
20230407	10:17:19 	d3eacff2-6ae0-45fd-9d19-487339a3fbdb 	 Method: GET	URL: /Projects	 Origin: http://localhost:3000
20230407	10:17:56 	d71ed5c4-6571-4768-aeaf-d7c952191f9f 	 Method: GET	URL: /Projects	 Origin: http://localhost:3000
20230407	10:17:56 	aaabda1b-3b58-41b1-9fcc-7304b03a31e9 	 Method: GET	URL: /projectComponents	 Origin: http://localhost:3000
20230407	10:17:56 	5c8a70df-7e56-4369-aede-6f975cd914a2 	 Method: GET	URL: /Projects	 Origin: http://localhost:3000
20230407	10:19:29 	c86cec25-5cd1-462a-8ce7-168c5cb3f0b0 	 Method: GET	URL: /Projects	 Origin: http://localhost:3000
20230407	10:19:29 	0d9e4a2a-c0e3-499a-b6e2-18f057384a7a 	 Method: GET	URL: /projectComponents	 Origin: http://localhost:3000
20230407	10:19:29 	79e23dac-e64e-4f7b-951c-3146defcf507 	 Method: GET	URL: /Projects	 Origin: http://localhost:3000
20230407	10:21:22 	1c721b90-d6c8-4092-b888-208da7f3c893 	 Method: GET	URL: /Projects	 Origin: http://localhost:3000
20230407	10:21:22 	4ea73164-c556-409e-b7f0-2e7087a1c216 	 Method: GET	URL: /projectComponents	 Origin: http://localhost:3000
20230407	10:21:22 	7b841519-8df7-4e4e-b2c9-7ff248be65d6 	 Method: GET	URL: /Projects	 Origin: http://localhost:3000
20230407	11:45:02 	74388357-6241-4e7b-aaf4-603fd3171d4d 	 Method: GET	URL: /Projects	 Origin: http://localhost:3000
20230407	11:45:02 	c63e4731-d7bc-467d-b50a-7b5225a1c5f5 	 Method: GET	URL: /projectComponents	 Origin: http://localhost:3000
20230407	11:45:02 	28c09653-808f-434d-a668-f2302fe766b6 	 Method: GET	URL: /Projects	 Origin: http://localhost:3000
20230407	17:18:05 	7a6ce61c-f73b-4ba9-b6c5-23a4a5dbec19 	 Method: GET	URL: /Projects	 Origin: http://localhost:3000
20230407	17:18:05 	7f7d3bd6-264f-4403-8870-d74c40819459 	 Method: GET	URL: /projectComponents	 Origin: http://localhost:3000
20230407	17:18:09 	fbfcc1f3-2407-4609-87fa-8380dd586612 	 Method: GET	URL: /Projects	 Origin: http://localhost:3000
20230407	17:18:30 	25d6aa77-74cd-4237-bd01-b45b82f6f372 	 Method: GET	URL: /Projects	 Origin: http://localhost:3000
20230407	17:18:30 	39784a04-8383-4813-ae2d-2a981fe8b48f 	 Method: GET	URL: /projectComponents	 Origin: http://localhost:3000
20230407	17:18:30 	fae8a456-10e3-4cbc-947c-d7d8ba78d278 	 Method: GET	URL: /Projects	 Origin: http://localhost:3000
20230407	17:27:17 	bafea317-a865-43fd-a660-8276f03137cd 	 Method: GET	URL: /Projects	 Origin: http://localhost:3000
20230407	17:27:17 	164b2cde-914e-4384-9536-b78f5e6b7214 	 Method: GET	URL: /projectComponents	 Origin: http://localhost:3000
20230407	17:27:19 	354585f0-afaf-45d7-8be4-e1b6e655e74a 	 Method: GET	URL: /Projects	 Origin: http://localhost:3000
20230407	17:28:15 	48aebda8-b19e-4a96-a9a8-f134f7c101b4 	 Method: GET	URL: /Projects	 Origin: http://localhost:3000
20230407	17:28:15 	7453ba85-14af-4eaa-8383-14ef13a82532 	 Method: GET	URL: /projectComponents	 Origin: http://localhost:3000
20230407	17:28:16 	3b667663-618c-4304-9f80-a44f55d8c3ad 	 Method: GET	URL: /Projects	 Origin: http://localhost:3000
20230407	17:31:42 	9ae859de-09cb-48f4-938f-bec3206b2eb2 	 Method: GET	URL: /Projects	 Origin: http://localhost:3000
20230407	17:31:42 	a1bdd1b3-cfc7-4971-affd-d8000defde95 	 Method: GET	URL: /projectComponents	 Origin: http://localhost:3000
20230407	17:31:43 	604c0508-2d9d-414b-81f6-f95b137e6492 	 Method: GET	URL: /Projects	 Origin: http://localhost:3000
20230407	17:35:03 	38a3b093-5867-40bd-81cf-82c4c2b6f117 	 Method: GET	URL: /Projects	 Origin: http://localhost:3000
20230407	17:35:03 	a10b9d1d-15b6-4099-a07d-99893d8efef4 	 Method: GET	URL: /projectComponents	 Origin: http://localhost:3000
20230407	17:35:04 	2f61da22-86f3-4148-84ef-74cb0f937243 	 Method: GET	URL: /Projects	 Origin: http://localhost:3000
20230407	17:35:24 	151e8491-b878-41f2-92fd-55d0ae4dcb2d 	 Method: GET	URL: /Projects	 Origin: http://localhost:3000
20230407	17:35:24 	3cec3a79-b5ba-4fb5-8a6d-974b4eeeb5d3 	 Method: GET	URL: /projectComponents	 Origin: http://localhost:3000
20230407	17:35:24 	3a14d813-3ba6-4062-8f74-a36846111d0a 	 Method: GET	URL: /Projects	 Origin: http://localhost:3000
20230407	17:37:02 	d6f283a1-0591-40b4-904a-10f77e81be23 	 Method: GET	URL: /Projects	 Origin: http://localhost:3000
20230407	17:37:02 	6d5515f8-e5f4-4e2f-982d-699893748abb 	 Method: GET	URL: /projectComponents	 Origin: http://localhost:3000
20230407	17:37:03 	65000109-0ffb-4680-96dd-e26c55724e64 	 Method: GET	URL: /Projects	 Origin: http://localhost:3000
20230407	17:37:42 	db2276a8-d2f8-4a68-a77a-449391987e2e 	 Method: GET	URL: /Projects	 Origin: http://localhost:3000
20230407	17:37:42 	f80c81ab-dd05-4031-acb7-7c5c5880ef8c 	 Method: GET	URL: /projectComponents	 Origin: http://localhost:3000
20230407	17:37:43 	68008b28-d85a-4a03-904c-c8c60fa7abfd 	 Method: GET	URL: /Projects	 Origin: http://localhost:3000
20230407	17:38:02 	11a0c6d9-4c1d-4699-96fc-cf2b9a025ed6 	 Method: GET	URL: /Projects	 Origin: http://localhost:3000
20230407	17:38:02 	6a0e6997-2966-44c0-9f89-fa827a3a9d2a 	 Method: GET	URL: /projectComponents	 Origin: http://localhost:3000
20230407	17:38:02 	4778109b-f226-496f-8e1b-98d58130ae3b 	 Method: GET	URL: /Projects	 Origin: http://localhost:3000
20230407	17:43:38 	732486a5-c07f-4f3c-afbe-63a597184ebf 	 Method: GET	URL: /Projects	 Origin: http://localhost:3000
20230407	17:43:38 	a9f1718f-122e-46f4-a243-c2f4d5b45a3d 	 Method: GET	URL: /projectComponents	 Origin: http://localhost:3000
20230407	17:43:39 	27516dcb-b74d-4ccf-a86c-38b1de7f631b 	 Method: GET	URL: /Projects	 Origin: http://localhost:3000
